mode: set
github.com/tfcace/hash/internal/agent/acp.go:99.51,105.2 1 1
github.com/tfcace/hash/internal/agent/acp.go:108.38,110.2 1 1
github.com/tfcace/hash/internal/agent/acp.go:113.59,117.2 3 0
github.com/tfcace/hash/internal/agent/acp.go:119.65,120.20 1 0
github.com/tfcace/hash/internal/agent/acp.go:120.20,122.3 1 0
github.com/tfcace/hash/internal/agent/acp.go:124.2,128.16 4 0
github.com/tfcace/hash/internal/agent/acp.go:128.16,130.3 1 0
github.com/tfcace/hash/internal/agent/acp.go:132.2,133.16 2 0
github.com/tfcace/hash/internal/agent/acp.go:133.16,135.3 1 0
github.com/tfcace/hash/internal/agent/acp.go:138.2,140.38 2 0
github.com/tfcace/hash/internal/agent/acp.go:140.38,142.3 1 0
github.com/tfcace/hash/internal/agent/acp.go:144.2,150.42 3 0
github.com/tfcace/hash/internal/agent/acp.go:150.42,153.3 2 0
github.com/tfcace/hash/internal/agent/acp.go:155.2,155.12 1 0
github.com/tfcace/hash/internal/agent/acp.go:158.35,162.6 3 0
github.com/tfcace/hash/internal/agent/acp.go:162.6,164.17 2 0
github.com/tfcace/hash/internal/agent/acp.go:164.17,166.4 1 0
github.com/tfcace/hash/internal/agent/acp.go:168.3,168.21 1 0
github.com/tfcace/hash/internal/agent/acp.go:175.37,180.21 4 0
github.com/tfcace/hash/internal/agent/acp.go:180.21,182.3 1 0
github.com/tfcace/hash/internal/agent/acp.go:185.2,203.16 4 0
github.com/tfcace/hash/internal/agent/acp.go:203.16,205.3 1 0
github.com/tfcace/hash/internal/agent/acp.go:207.2,207.42 1 0
github.com/tfcace/hash/internal/agent/acp.go:210.117,221.16 4 0
github.com/tfcace/hash/internal/agent/acp.go:221.16,223.3 1 0
github.com/tfcace/hash/internal/agent/acp.go:225.2,225.61 1 0
github.com/tfcace/hash/internal/agent/acp.go:225.61,227.3 1 0
github.com/tfcace/hash/internal/agent/acp.go:230.2,230.6 1 0
github.com/tfcace/hash/internal/agent/acp.go:230.6,231.10 1 0
github.com/tfcace/hash/internal/agent/acp.go:232.21,234.25 2 0
github.com/tfcace/hash/internal/agent/acp.go:235.33,236.11 1 0
github.com/tfcace/hash/internal/agent/acp.go:236.11,238.5 1 0
github.com/tfcace/hash/internal/agent/acp.go:240.4,246.53 2 0
github.com/tfcace/hash/internal/agent/acp.go:246.53,247.13 1 0
github.com/tfcace/hash/internal/agent/acp.go:251.4,251.38 1 0
github.com/tfcace/hash/internal/agent/acp.go:251.38,252.25 1 0
github.com/tfcace/hash/internal/agent/acp.go:252.25,254.6 1 0
github.com/tfcace/hash/internal/agent/acp.go:255.5,255.27 1 0
github.com/tfcace/hash/internal/agent/acp.go:262.62,274.2 3 0
github.com/tfcace/hash/internal/agent/acp.go:276.84,283.16 3 0
github.com/tfcace/hash/internal/agent/acp.go:283.16,285.3 1 0
github.com/tfcace/hash/internal/agent/acp.go:287.2,288.63 2 0
github.com/tfcace/hash/internal/agent/acp.go:288.63,290.3 1 0
github.com/tfcace/hash/internal/agent/acp.go:292.2,292.37 1 0
github.com/tfcace/hash/internal/agent/acp.go:298.88,302.20 2 0
github.com/tfcace/hash/internal/agent/acp.go:302.20,303.46 1 0
github.com/tfcace/hash/internal/agent/acp.go:303.46,306.4 2 0
github.com/tfcace/hash/internal/agent/acp.go:310.2,314.17 3 0
github.com/tfcace/hash/internal/agent/acp.go:314.17,316.16 2 0
github.com/tfcace/hash/internal/agent/acp.go:316.16,318.4 1 0
github.com/tfcace/hash/internal/agent/acp.go:319.3,320.17 2 0
github.com/tfcace/hash/internal/agent/acp.go:320.17,322.4 1 0
github.com/tfcace/hash/internal/agent/acp.go:323.3,325.16 3 0
github.com/tfcace/hash/internal/agent/acp.go:328.2,334.12 5 0
github.com/tfcace/hash/internal/agent/acp.go:334.12,355.17 6 0
github.com/tfcace/hash/internal/agent/acp.go:355.17,358.4 2 0
github.com/tfcace/hash/internal/agent/acp.go:360.3,363.17 4 0
github.com/tfcace/hash/internal/agent/acp.go:363.17,366.4 2 0
github.com/tfcace/hash/internal/agent/acp.go:369.3,375.7 4 0
github.com/tfcace/hash/internal/agent/acp.go:375.7,376.11 1 0
github.com/tfcace/hash/internal/agent/acp.go:377.22,380.11 3 0
github.com/tfcace/hash/internal/agent/acp.go:382.23,386.19 3 0
github.com/tfcace/hash/internal/agent/acp.go:386.19,389.6 1 0
github.com/tfcace/hash/internal/agent/acp.go:389.11,391.6 1 0
github.com/tfcace/hash/internal/agent/acp.go:392.5,392.11 1 0
github.com/tfcace/hash/internal/agent/acp.go:394.34,395.12 1 0
github.com/tfcace/hash/internal/agent/acp.go:395.12,397.20 2 0
github.com/tfcace/hash/internal/agent/acp.go:397.20,399.7 1 0
github.com/tfcace/hash/internal/agent/acp.go:399.12,401.7 1 0
github.com/tfcace/hash/internal/agent/acp.go:402.6,402.12 1 0
github.com/tfcace/hash/internal/agent/acp.go:406.5,406.26 1 0
github.com/tfcace/hash/internal/agent/acp.go:406.26,407.13 1 0
github.com/tfcace/hash/internal/agent/acp.go:408.25,408.25 0 0
github.com/tfcace/hash/internal/agent/acp.go:409.14,409.14 0 0
github.com/tfcace/hash/internal/agent/acp.go:412.5,422.54 3 0
github.com/tfcace/hash/internal/agent/acp.go:422.54,423.14 1 0
github.com/tfcace/hash/internal/agent/acp.go:427.5,427.39 1 0
github.com/tfcace/hash/internal/agent/acp.go:427.39,428.26 1 0
github.com/tfcace/hash/internal/agent/acp.go:428.26,431.7 2 0
github.com/tfcace/hash/internal/agent/acp.go:433.6,434.20 2 0
github.com/tfcace/hash/internal/agent/acp.go:434.20,436.7 1 0
github.com/tfcace/hash/internal/agent/acp.go:436.12,438.7 1 0
github.com/tfcace/hash/internal/agent/acp.go:439.6,439.12 1 0
github.com/tfcace/hash/internal/agent/acp.go:443.5,443.39 1 0
github.com/tfcace/hash/internal/agent/acp.go:443.39,445.70 2 0
github.com/tfcace/hash/internal/agent/acp.go:445.70,446.15 1 0
github.com/tfcace/hash/internal/agent/acp.go:449.6,451.50 1 0
github.com/tfcace/hash/internal/agent/acp.go:451.50,453.7 1 0
github.com/tfcace/hash/internal/agent/acp.go:459.2,459.20 1 0
github.com/tfcace/hash/internal/agent/acp.go:462.47,466.28 2 0
github.com/tfcace/hash/internal/agent/acp.go:466.28,471.3 1 0
github.com/tfcace/hash/internal/agent/acp.go:472.2,475.3 1 0
github.com/tfcace/hash/internal/agent/acp.go:479.49,486.19 4 0
github.com/tfcace/hash/internal/agent/acp.go:486.19,488.3 1 0
github.com/tfcace/hash/internal/agent/acp.go:489.2,489.25 1 0
github.com/tfcace/hash/internal/agent/acp.go:489.25,491.3 1 0
github.com/tfcace/hash/internal/agent/acp.go:492.2,492.27 1 0
github.com/tfcace/hash/internal/agent/acp.go:492.27,494.3 1 0
github.com/tfcace/hash/internal/agent/acp.go:495.2,495.26 1 0
github.com/tfcace/hash/internal/agent/acp.go:495.26,497.35 2 0
github.com/tfcace/hash/internal/agent/acp.go:497.35,499.4 1 0
github.com/tfcace/hash/internal/agent/acp.go:501.2,501.26 1 0
github.com/tfcace/hash/internal/agent/acp.go:501.26,503.33 2 0
github.com/tfcace/hash/internal/agent/acp.go:503.33,505.4 1 0
github.com/tfcace/hash/internal/agent/acp.go:507.2,507.26 1 0
github.com/tfcace/hash/internal/agent/acp.go:507.26,509.3 1 0
github.com/tfcace/hash/internal/agent/acp.go:510.2,510.25 1 0
github.com/tfcace/hash/internal/agent/acp.go:510.25,512.3 1 0
github.com/tfcace/hash/internal/agent/acp.go:515.2,515.28 1 0
github.com/tfcace/hash/internal/agent/acp.go:515.28,519.3 3 0
github.com/tfcace/hash/internal/agent/acp.go:520.2,522.19 2 0
github.com/tfcace/hash/internal/agent/acp.go:526.38,530.20 3 0
github.com/tfcace/hash/internal/agent/acp.go:530.20,533.3 2 0
github.com/tfcace/hash/internal/agent/acp.go:534.2,534.42 1 0
github.com/tfcace/hash/internal/agent/acp.go:534.42,537.3 2 0
github.com/tfcace/hash/internal/agent/acp.go:538.2,538.12 1 0
github.com/tfcace/hash/internal/agent/acp.go:548.102,552.12 3 0
github.com/tfcace/hash/internal/agent/acp.go:552.12,559.21 4 0
github.com/tfcace/hash/internal/agent/acp.go:559.21,560.47 1 0
github.com/tfcace/hash/internal/agent/acp.go:560.47,564.5 3 0
github.com/tfcace/hash/internal/agent/acp.go:568.3,572.18 3 0
github.com/tfcace/hash/internal/agent/acp.go:572.18,574.17 2 0
github.com/tfcace/hash/internal/agent/acp.go:574.17,576.5 1 0
github.com/tfcace/hash/internal/agent/acp.go:577.4,578.18 2 0
github.com/tfcace/hash/internal/agent/acp.go:578.18,581.5 2 0
github.com/tfcace/hash/internal/agent/acp.go:582.4,584.17 3 0
github.com/tfcace/hash/internal/agent/acp.go:587.3,609.17 8 0
github.com/tfcace/hash/internal/agent/acp.go:609.17,612.4 2 0
github.com/tfcace/hash/internal/agent/acp.go:614.3,617.17 4 0
github.com/tfcace/hash/internal/agent/acp.go:617.17,620.4 2 0
github.com/tfcace/hash/internal/agent/acp.go:623.3,627.7 3 0
github.com/tfcace/hash/internal/agent/acp.go:627.7,628.11 1 0
github.com/tfcace/hash/internal/agent/acp.go:629.22,632.11 3 0
github.com/tfcace/hash/internal/agent/acp.go:634.23,638.11 3 0
github.com/tfcace/hash/internal/agent/acp.go:640.34,641.12 1 0
github.com/tfcace/hash/internal/agent/acp.go:641.12,643.6 1 0
github.com/tfcace/hash/internal/agent/acp.go:646.5,646.26 1 0
github.com/tfcace/hash/internal/agent/acp.go:646.26,647.13 1 0
github.com/tfcace/hash/internal/agent/acp.go:648.25,648.25 0 0
github.com/tfcace/hash/internal/agent/acp.go:649.14,649.14 0 0
github.com/tfcace/hash/internal/agent/acp.go:652.5,662.54 3 0
github.com/tfcace/hash/internal/agent/acp.go:662.54,663.14 1 0
github.com/tfcace/hash/internal/agent/acp.go:667.5,667.39 1 0
github.com/tfcace/hash/internal/agent/acp.go:667.39,668.26 1 0
github.com/tfcace/hash/internal/agent/acp.go:668.26,670.7 1 0
github.com/tfcace/hash/internal/agent/acp.go:671.6,671.12 1 0
github.com/tfcace/hash/internal/agent/acp.go:675.5,675.39 1 0
github.com/tfcace/hash/internal/agent/acp.go:675.39,677.70 2 0
github.com/tfcace/hash/internal/agent/acp.go:677.70,678.15 1 0
github.com/tfcace/hash/internal/agent/acp.go:681.6,683.50 1 0
github.com/tfcace/hash/internal/agent/acp.go:683.50,686.7 1 0
github.com/tfcace/hash/internal/agent/acp.go:692.2,692.22 1 0
github.com/tfcace/hash/internal/agent/context.go:15.42,23.2 2 1
github.com/tfcace/hash/internal/agent/context.go:26.72,29.2 2 1
github.com/tfcace/hash/internal/agent/context.go:32.69,33.28 1 1
github.com/tfcace/hash/internal/agent/context.go:33.28,34.40 1 1
github.com/tfcace/hash/internal/agent/context.go:34.40,36.4 1 1
github.com/tfcace/hash/internal/agent/context.go:38.2,38.10 1 1
github.com/tfcace/hash/internal/agent/context.go:42.72,45.2 2 1
github.com/tfcace/hash/internal/agent/context.go:48.68,51.2 2 0
github.com/tfcace/hash/internal/agent/context.go:54.60,57.16 3 0
github.com/tfcace/hash/internal/agent/context.go:57.16,59.3 1 0
github.com/tfcace/hash/internal/agent/context.go:60.2,60.10 1 0
github.com/tfcace/hash/internal/agent/context.go:64.62,67.16 3 0
github.com/tfcace/hash/internal/agent/context.go:67.16,69.3 1 0
github.com/tfcace/hash/internal/agent/context.go:70.2,70.10 1 0
github.com/tfcace/hash/internal/agent/context.go:74.42,76.2 1 1
github.com/tfcace/hash/internal/agent/http.go:30.54,31.22 1 1
github.com/tfcace/hash/internal/agent/http.go:31.22,33.3 1 1
github.com/tfcace/hash/internal/agent/http.go:35.2,40.3 1 1
github.com/tfcace/hash/internal/agent/http.go:44.39,46.2 1 1
github.com/tfcace/hash/internal/agent/http.go:49.60,52.2 1 1
github.com/tfcace/hash/internal/agent/http.go:69.89,72.12 2 1
github.com/tfcace/hash/internal/agent/http.go:72.12,86.17 5 1
github.com/tfcace/hash/internal/agent/http.go:86.17,92.4 2 0
github.com/tfcace/hash/internal/agent/http.go:95.3,96.17 2 1
github.com/tfcace/hash/internal/agent/http.go:96.17,102.4 2 0
github.com/tfcace/hash/internal/agent/http.go:104.3,105.38 2 1
github.com/tfcace/hash/internal/agent/http.go:105.38,107.4 1 0
github.com/tfcace/hash/internal/agent/http.go:110.3,111.17 2 1
github.com/tfcace/hash/internal/agent/http.go:111.17,117.4 2 0
github.com/tfcace/hash/internal/agent/http.go:118.3,122.17 3 1
github.com/tfcace/hash/internal/agent/http.go:122.17,128.4 2 0
github.com/tfcace/hash/internal/agent/http.go:130.3,130.43 1 1
github.com/tfcace/hash/internal/agent/http.go:130.43,136.4 2 0
github.com/tfcace/hash/internal/agent/http.go:139.3,140.63 2 1
github.com/tfcace/hash/internal/agent/http.go:140.63,146.4 2 0
github.com/tfcace/hash/internal/agent/http.go:148.3,148.29 1 1
github.com/tfcace/hash/internal/agent/http.go:148.29,154.4 2 0
github.com/tfcace/hash/internal/agent/http.go:157.3,157.49 1 1
github.com/tfcace/hash/internal/agent/http.go:160.2,160.20 1 1
github.com/tfcace/hash/internal/agent/http.go:164.57,172.27 5 1
github.com/tfcace/hash/internal/agent/http.go:172.27,174.3 1 0
github.com/tfcace/hash/internal/agent/http.go:175.2,175.33 1 1
github.com/tfcace/hash/internal/agent/http.go:175.33,177.3 1 0
github.com/tfcace/hash/internal/agent/http.go:178.2,178.33 1 1
github.com/tfcace/hash/internal/agent/http.go:178.33,180.3 1 0
github.com/tfcace/hash/internal/agent/http.go:181.2,181.27 1 1
github.com/tfcace/hash/internal/agent/http.go:181.27,183.3 1 0
github.com/tfcace/hash/internal/agent/http.go:185.2,187.19 2 1
github.com/tfcace/hash/internal/agent/http.go:191.61,195.28 2 1
github.com/tfcace/hash/internal/agent/http.go:195.28,200.3 1 1
github.com/tfcace/hash/internal/agent/http.go:202.2,205.3 1 0
github.com/tfcace/hash/internal/agent/http.go:211.41,213.34 1 1
github.com/tfcace/hash/internal/agent/http.go:213.34,215.3 1 1
github.com/tfcace/hash/internal/agent/http.go:218.2,227.34 3 1
github.com/tfcace/hash/internal/agent/http.go:227.34,228.39 1 1
github.com/tfcace/hash/internal/agent/http.go:228.39,230.4 1 1
github.com/tfcace/hash/internal/agent/http.go:234.2,247.35 1 1
github.com/tfcace/hash/internal/agent/http.go:247.35,249.3 1 1
github.com/tfcace/hash/internal/agent/http.go:252.2,252.20 1 0
github.com/tfcace/hash/internal/agent/http.go:252.20,254.3 1 0
github.com/tfcace/hash/internal/agent/http.go:256.2,256.14 1 0
github.com/tfcace/hash/internal/agent/http.go:260.39,263.2 1 1
github.com/tfcace/hash/internal/agent/mock.go:15.61,19.2 1 1
github.com/tfcace/hash/internal/agent/mock.go:22.39,24.2 1 0
github.com/tfcace/hash/internal/agent/mock.go:27.60,30.2 2 1
github.com/tfcace/hash/internal/agent/mock.go:33.89,37.35 3 1
github.com/tfcace/hash/internal/agent/mock.go:37.35,39.3 1 1
github.com/tfcace/hash/internal/agent/mock.go:40.2,42.20 2 1
github.com/tfcace/hash/internal/agent/mock.go:46.39,49.2 2 0
github.com/tfcace/hash/internal/agent/mock.go:52.46,54.2 1 1
github.com/tfcace/hash/internal/agent/stream.go:23.96,25.52 1 1
github.com/tfcace/hash/internal/agent/stream.go:25.52,27.3 1 0
github.com/tfcace/hash/internal/agent/stream.go:30.2,33.12 3 1
github.com/tfcace/hash/internal/agent/stream.go:33.12,38.17 4 1
github.com/tfcace/hash/internal/agent/stream.go:38.17,41.4 2 0
github.com/tfcace/hash/internal/agent/stream.go:43.3,43.28 1 1
github.com/tfcace/hash/internal/agent/stream.go:43.28,44.38 1 1
github.com/tfcace/hash/internal/agent/stream.go:44.38,47.5 2 0
github.com/tfcace/hash/internal/agent/stream.go:49.4,49.26 1 1
github.com/tfcace/hash/internal/agent/stream.go:49.26,51.5 1 1
github.com/tfcace/hash/internal/agent/stream.go:51.10,51.37 1 0
github.com/tfcace/hash/internal/agent/stream.go:51.37,53.5 1 0
github.com/tfcace/hash/internal/agent/stream.go:57.2,57.22 1 1
github.com/tfcace/hash/internal/agent/stream.go:65.37,67.2 1 1
github.com/tfcace/hash/internal/agent/stream.go:75.44,77.2 1 1
github.com/tfcace/hash/internal/agent/stream.go:80.47,82.2 1 1
github.com/tfcace/hash/internal/agent/stream.go:85.41,87.2 1 1
github.com/tfcace/hash/internal/agent/stream.go:90.47,92.16 2 1
github.com/tfcace/hash/internal/agent/stream.go:92.16,94.3 1 1
github.com/tfcace/hash/internal/agent/stream.go:96.2,96.28 1 1
github.com/tfcace/hash/internal/agent/stream.go:96.28,98.3 1 1
github.com/tfcace/hash/internal/agent/stream.go:99.2,99.67 1 1
github.com/tfcace/hash/internal/agent/types.go:63.45,65.2 1 1
github.com/tfcace/hash/internal/agent/types.go:68.74,70.16 2 1
github.com/tfcace/hash/internal/agent/types.go:70.16,72.3 1 0
github.com/tfcace/hash/internal/agent/types.go:75.2,75.27 1 1
github.com/tfcace/hash/internal/agent/types.go:75.27,77.3 1 1
github.com/tfcace/hash/internal/agent/types.go:79.2,79.80 1 0
github.com/tfcace/hash/internal/agent/types.go:83.32,85.2 1 0
github.com/tfcace/hash/internal/completion/agent.go:16.62,18.2 1 1
github.com/tfcace/hash/internal/completion/agent.go:21.40,23.2 1 1
github.com/tfcace/hash/internal/completion/agent.go:26.94,32.27 3 1
github.com/tfcace/hash/internal/completion/agent.go:32.27,34.3 1 1
github.com/tfcace/hash/internal/completion/agent.go:37.2,40.21 3 1
github.com/tfcace/hash/internal/completion/agent.go:40.21,42.3 1 1
github.com/tfcace/hash/internal/completion/agent.go:45.2,52.16 3 0
github.com/tfcace/hash/internal/completion/agent.go:52.16,54.3 1 0
github.com/tfcace/hash/internal/completion/agent.go:56.2,56.44 1 0
github.com/tfcace/hash/internal/completion/agent.go:56.44,58.3 1 0
github.com/tfcace/hash/internal/completion/agent.go:61.2,70.8 1 0
github.com/tfcace/hash/internal/completion/alias.go:19.67,21.2 1 1
github.com/tfcace/hash/internal/completion/alias.go:24.40,26.2 1 1
github.com/tfcace/hash/internal/completion/alias.go:31.94,36.46 3 1
github.com/tfcace/hash/internal/completion/alias.go:36.46,37.38 1 1
github.com/tfcace/hash/internal/completion/alias.go:37.38,43.4 1 1
github.com/tfcace/hash/internal/completion/alias.go:46.2,46.34 1 1
github.com/tfcace/hash/internal/completion/alias.go:51.54,52.21 1 1
github.com/tfcace/hash/internal/completion/alias.go:52.21,54.3 1 0
github.com/tfcace/hash/internal/completion/alias.go:57.2,58.54 2 1
github.com/tfcace/hash/internal/completion/alias.go:58.54,60.3 1 1
github.com/tfcace/hash/internal/completion/alias.go:62.2,62.24 1 1
github.com/tfcace/hash/internal/completion/alias.go:66.38,68.2 1 1
github.com/tfcace/hash/internal/completion/cobra.go:30.42,36.2 1 1
github.com/tfcace/hash/internal/completion/cobra.go:39.40,41.2 1 1
github.com/tfcace/hash/internal/completion/cobra.go:45.94,51.21 3 1
github.com/tfcace/hash/internal/completion/cobra.go:51.21,53.3 1 0
github.com/tfcace/hash/internal/completion/cobra.go:55.2,59.16 3 1
github.com/tfcace/hash/internal/completion/cobra.go:59.16,61.3 1 0
github.com/tfcace/hash/internal/completion/cobra.go:64.2,65.40 2 1
github.com/tfcace/hash/internal/completion/cobra.go:65.40,67.3 1 1
github.com/tfcace/hash/internal/completion/cobra.go:68.2,74.80 4 1
github.com/tfcace/hash/internal/completion/cobra.go:74.80,76.3 1 1
github.com/tfcace/hash/internal/completion/cobra.go:78.2,78.22 1 1
github.com/tfcace/hash/internal/completion/cobra.go:83.57,89.21 3 1
github.com/tfcace/hash/internal/completion/cobra.go:89.21,91.3 1 0
github.com/tfcace/hash/internal/completion/cobra.go:93.2,97.16 3 1
github.com/tfcace/hash/internal/completion/cobra.go:97.16,99.3 1 0
github.com/tfcace/hash/internal/completion/cobra.go:102.2,103.40 2 1
github.com/tfcace/hash/internal/completion/cobra.go:103.40,105.3 1 1
github.com/tfcace/hash/internal/completion/cobra.go:106.2,110.80 3 1
github.com/tfcace/hash/internal/completion/cobra.go:110.80,113.3 2 0
github.com/tfcace/hash/internal/completion/cobra.go:114.2,118.28 3 1
github.com/tfcace/hash/internal/completion/cobra.go:118.28,121.3 2 0
github.com/tfcace/hash/internal/completion/cobra.go:122.2,126.42 3 1
github.com/tfcace/hash/internal/completion/cobra.go:130.85,148.16 9 1
github.com/tfcace/hash/internal/completion/cobra.go:148.16,151.3 2 1
github.com/tfcace/hash/internal/completion/cobra.go:153.2,154.16 2 1
github.com/tfcace/hash/internal/completion/cobra.go:154.16,158.3 1 1
github.com/tfcace/hash/internal/completion/cobra.go:161.2,169.20 4 1
github.com/tfcace/hash/internal/completion/cobra.go:174.60,178.29 3 1
github.com/tfcace/hash/internal/completion/cobra.go:178.29,180.17 2 1
github.com/tfcace/hash/internal/completion/cobra.go:180.17,181.12 1 1
github.com/tfcace/hash/internal/completion/cobra.go:185.3,185.35 1 1
github.com/tfcace/hash/internal/completion/cobra.go:185.35,186.12 1 1
github.com/tfcace/hash/internal/completion/cobra.go:190.3,193.21 4 0
github.com/tfcace/hash/internal/completion/cobra.go:193.21,195.4 1 0
github.com/tfcace/hash/internal/completion/cobra.go:197.3,201.5 1 0
github.com/tfcace/hash/internal/completion/cobra.go:204.2,204.29 1 1
github.com/tfcace/hash/internal/completion/cobra.go:208.57,210.2 1 0
github.com/tfcace/hash/internal/completion/cobra.go:213.39,221.2 6 0
github.com/tfcace/hash/internal/completion/env.go:23.58,28.2 1 1
github.com/tfcace/hash/internal/completion/env.go:31.55,33.2 1 1
github.com/tfcace/hash/internal/completion/env.go:36.38,38.2 1 1
github.com/tfcace/hash/internal/completion/env.go:42.92,43.21 1 1
github.com/tfcace/hash/internal/completion/env.go:43.21,45.3 1 0
github.com/tfcace/hash/internal/completion/env.go:48.2,49.16 2 1
github.com/tfcace/hash/internal/completion/env.go:49.16,51.3 1 1
github.com/tfcace/hash/internal/completion/env.go:54.2,55.9 2 1
github.com/tfcace/hash/internal/completion/env.go:56.24,57.24 1 1
github.com/tfcace/hash/internal/completion/env.go:58.25,59.33 1 1
github.com/tfcace/hash/internal/completion/env.go:60.10,61.25 1 0
github.com/tfcace/hash/internal/completion/env.go:64.2,65.30 2 1
github.com/tfcace/hash/internal/completion/env.go:65.30,67.22 2 1
github.com/tfcace/hash/internal/completion/env.go:67.22,68.12 1 0
github.com/tfcace/hash/internal/completion/env.go:70.3,72.38 2 1
github.com/tfcace/hash/internal/completion/env.go:72.38,74.51 2 1
github.com/tfcace/hash/internal/completion/env.go:74.51,76.5 1 1
github.com/tfcace/hash/internal/completion/env.go:77.4,82.6 1 1
github.com/tfcace/hash/internal/completion/env.go:86.2,86.34 1 1
github.com/tfcace/hash/internal/completion/env.go:104.43,106.44 2 1
github.com/tfcace/hash/internal/completion/env.go:106.44,107.39 1 1
github.com/tfcace/hash/internal/completion/env.go:107.39,109.4 1 1
github.com/tfcace/hash/internal/completion/env.go:111.2,111.14 1 1
github.com/tfcace/hash/internal/completion/env.go:116.37,120.32 3 1
github.com/tfcace/hash/internal/completion/env.go:120.32,123.3 1 1
github.com/tfcace/hash/internal/completion/env.go:126.2,127.19 2 1
github.com/tfcace/hash/internal/completion/env.go:127.19,129.3 1 1
github.com/tfcace/hash/internal/completion/env.go:130.2,130.67 1 1
github.com/tfcace/hash/internal/completion/env.go:135.60,136.14 1 1
github.com/tfcace/hash/internal/completion/env.go:136.14,138.3 1 0
github.com/tfcace/hash/internal/completion/env.go:141.2,145.16 3 1
github.com/tfcace/hash/internal/completion/env.go:145.16,147.16 2 1
github.com/tfcace/hash/internal/completion/env.go:147.16,150.4 1 1
github.com/tfcace/hash/internal/completion/env.go:151.3,151.53 1 1
github.com/tfcace/hash/internal/completion/env.go:151.53,154.4 1 1
github.com/tfcace/hash/internal/completion/env.go:156.3,156.21 1 1
github.com/tfcace/hash/internal/completion/env.go:156.21,157.9 1 1
github.com/tfcace/hash/internal/completion/env.go:159.3,159.10 1 1
github.com/tfcace/hash/internal/completion/env.go:162.2,162.18 1 1
github.com/tfcace/hash/internal/completion/env.go:166.29,168.2 1 1
github.com/tfcace/hash/internal/completion/env.go:171.49,172.22 1 1
github.com/tfcace/hash/internal/completion/env.go:172.22,174.3 1 1
github.com/tfcace/hash/internal/completion/env.go:175.2,175.29 1 1
github.com/tfcace/hash/internal/completion/executable.go:22.52,26.2 1 1
github.com/tfcace/hash/internal/completion/executable.go:29.45,31.2 1 1
github.com/tfcace/hash/internal/completion/executable.go:35.99,48.24 4 1
github.com/tfcace/hash/internal/completion/executable.go:48.24,50.3 1 1
github.com/tfcace/hash/internal/completion/executable.go:53.2,54.21 2 1
github.com/tfcace/hash/internal/completion/executable.go:54.21,56.3 1 1
github.com/tfcace/hash/internal/completion/executable.go:59.2,59.35 1 1
github.com/tfcace/hash/internal/completion/executable.go:59.35,61.3 1 1
github.com/tfcace/hash/internal/completion/executable.go:64.2,68.34 4 1
github.com/tfcace/hash/internal/completion/executable.go:68.34,69.75 1 1
github.com/tfcace/hash/internal/completion/executable.go:69.75,75.4 1 1
github.com/tfcace/hash/internal/completion/executable.go:79.2,79.21 1 1
github.com/tfcace/hash/internal/completion/executable.go:79.21,81.3 1 0
github.com/tfcace/hash/internal/completion/executable.go:83.2,83.34 1 1
github.com/tfcace/hash/internal/completion/executable.go:87.57,89.60 2 1
github.com/tfcace/hash/internal/completion/executable.go:89.60,93.3 3 0
github.com/tfcace/hash/internal/completion/executable.go:94.2,101.60 4 1
github.com/tfcace/hash/internal/completion/executable.go:101.60,103.3 1 0
github.com/tfcace/hash/internal/completion/executable.go:105.2,109.50 4 1
github.com/tfcace/hash/internal/completion/executable.go:109.50,110.16 1 1
github.com/tfcace/hash/internal/completion/executable.go:110.16,112.4 1 0
github.com/tfcace/hash/internal/completion/executable.go:114.3,115.17 2 1
github.com/tfcace/hash/internal/completion/executable.go:115.17,116.12 1 0
github.com/tfcace/hash/internal/completion/executable.go:119.3,119.33 1 1
github.com/tfcace/hash/internal/completion/executable.go:119.33,120.21 1 1
github.com/tfcace/hash/internal/completion/executable.go:120.21,121.13 1 1
github.com/tfcace/hash/internal/completion/executable.go:124.4,125.18 2 1
github.com/tfcace/hash/internal/completion/executable.go:125.18,126.13 1 1
github.com/tfcace/hash/internal/completion/executable.go:130.4,131.18 2 1
github.com/tfcace/hash/internal/completion/executable.go:131.18,132.13 1 0
github.com/tfcace/hash/internal/completion/executable.go:136.4,136.30 1 1
github.com/tfcace/hash/internal/completion/executable.go:136.30,139.5 2 1
github.com/tfcace/hash/internal/completion/executable.go:143.2,145.20 3 1
github.com/tfcace/hash/internal/completion/file.go:17.40,22.2 1 1
github.com/tfcace/hash/internal/completion/file.go:25.52,27.2 1 1
github.com/tfcace/hash/internal/completion/file.go:30.39,32.2 1 1
github.com/tfcace/hash/internal/completion/file.go:35.50,37.2 1 1
github.com/tfcace/hash/internal/completion/file.go:42.93,46.16 3 1
github.com/tfcace/hash/internal/completion/file.go:46.16,48.3 1 1
github.com/tfcace/hash/internal/completion/file.go:51.2,58.87 4 1
github.com/tfcace/hash/internal/completion/file.go:58.87,61.3 2 1
github.com/tfcace/hash/internal/completion/file.go:64.2,64.31 1 1
github.com/tfcace/hash/internal/completion/file.go:64.31,67.3 2 1
github.com/tfcace/hash/internal/completion/file.go:70.2,71.16 2 1
github.com/tfcace/hash/internal/completion/file.go:71.16,73.3 1 1
github.com/tfcace/hash/internal/completion/file.go:77.2,81.32 4 1
github.com/tfcace/hash/internal/completion/file.go:81.32,85.50 2 1
github.com/tfcace/hash/internal/completion/file.go:85.50,86.12 1 1
github.com/tfcace/hash/internal/completion/file.go:90.3,90.105 1 1
github.com/tfcace/hash/internal/completion/file.go:90.105,91.12 1 1
github.com/tfcace/hash/internal/completion/file.go:95.3,98.39 3 1
github.com/tfcace/hash/internal/completion/file.go:98.39,99.68 1 1
github.com/tfcace/hash/internal/completion/file.go:99.68,101.5 1 1
github.com/tfcace/hash/internal/completion/file.go:103.3,103.12 1 1
github.com/tfcace/hash/internal/completion/file.go:103.12,105.4 1 1
github.com/tfcace/hash/internal/completion/file.go:107.3,111.5 1 1
github.com/tfcace/hash/internal/completion/file.go:114.2,117.8 1 1
github.com/tfcace/hash/internal/completion/file.go:121.47,122.21 1 1
github.com/tfcace/hash/internal/completion/file.go:122.21,124.3 1 0
github.com/tfcace/hash/internal/completion/file.go:127.2,128.65 2 1
github.com/tfcace/hash/internal/completion/file.go:128.65,130.3 1 1
github.com/tfcace/hash/internal/completion/file.go:132.2,132.24 1 1
github.com/tfcace/hash/internal/completion/file.go:136.38,137.34 1 1
github.com/tfcace/hash/internal/completion/file.go:137.34,139.17 2 1
github.com/tfcace/hash/internal/completion/file.go:139.17,141.4 1 1
github.com/tfcace/hash/internal/completion/file.go:143.2,143.13 1 1
github.com/tfcace/hash/internal/completion/file.go:147.59,148.19 1 1
github.com/tfcace/hash/internal/completion/file.go:148.19,150.3 1 1
github.com/tfcace/hash/internal/completion/file.go:152.2,153.16 2 1
github.com/tfcace/hash/internal/completion/file.go:153.16,155.40 1 1
github.com/tfcace/hash/internal/completion/file.go:155.40,157.4 1 0
github.com/tfcace/hash/internal/completion/file.go:158.3,158.12 1 1
github.com/tfcace/hash/internal/completion/file.go:161.2,161.72 1 1
github.com/tfcace/hash/internal/completion/file.go:161.72,163.3 1 1
github.com/tfcace/hash/internal/completion/file.go:165.2,165.33 1 1
github.com/tfcace/hash/internal/completion/file.go:165.33,167.3 1 1
github.com/tfcace/hash/internal/completion/file.go:168.2,168.18 1 1
github.com/tfcace/hash/internal/completion/file.go:172.44,173.19 1 1
github.com/tfcace/hash/internal/completion/file.go:173.19,175.3 1 1
github.com/tfcace/hash/internal/completion/file.go:177.2,180.13 3 1
github.com/tfcace/hash/internal/completion/file.go:181.13,182.12 1 1
github.com/tfcace/hash/internal/completion/file.go:183.13,184.12 1 0
github.com/tfcace/hash/internal/completion/file.go:185.20,186.12 1 0
github.com/tfcace/hash/internal/completion/file.go:187.13,188.12 1 1
github.com/tfcace/hash/internal/completion/file.go:189.15,190.12 1 0
github.com/tfcace/hash/internal/completion/file.go:191.23,192.12 1 1
github.com/tfcace/hash/internal/completion/file.go:193.30,194.12 1 1
github.com/tfcace/hash/internal/completion/file.go:195.14,196.12 1 1
github.com/tfcace/hash/internal/completion/file.go:197.14,198.12 1 0
github.com/tfcace/hash/internal/completion/file.go:199.10,200.12 1 1
github.com/tfcace/hash/internal/completion/fuzzy.go:9.53,10.17 1 1
github.com/tfcace/hash/internal/completion/fuzzy.go:10.17,12.3 1 1
github.com/tfcace/hash/internal/completion/fuzzy.go:14.2,17.29 3 1
github.com/tfcace/hash/internal/completion/fuzzy.go:17.29,19.16 2 1
github.com/tfcace/hash/internal/completion/fuzzy.go:19.16,22.4 2 1
github.com/tfcace/hash/internal/completion/fuzzy.go:26.2,26.41 1 1
github.com/tfcace/hash/internal/completion/fuzzy.go:26.41,28.3 1 1
github.com/tfcace/hash/internal/completion/fuzzy.go:30.2,30.15 1 1
github.com/tfcace/hash/internal/completion/fuzzy.go:35.43,36.17 1 1
github.com/tfcace/hash/internal/completion/fuzzy.go:36.17,38.3 1 0
github.com/tfcace/hash/internal/completion/fuzzy.go:39.2,39.18 1 1
github.com/tfcace/hash/internal/completion/fuzzy.go:39.18,41.3 1 0
github.com/tfcace/hash/internal/completion/fuzzy.go:44.2,44.21 1 1
github.com/tfcace/hash/internal/completion/fuzzy.go:44.21,46.3 1 1
github.com/tfcace/hash/internal/completion/fuzzy.go:49.2,49.38 1 1
github.com/tfcace/hash/internal/completion/fuzzy.go:49.38,51.3 1 1
github.com/tfcace/hash/internal/completion/fuzzy.go:56.2,56.35 1 1
github.com/tfcace/hash/internal/completion/fuzzy.go:56.35,58.3 1 1
github.com/tfcace/hash/internal/completion/fuzzy.go:62.2,62.50 1 1
github.com/tfcace/hash/internal/completion/fuzzy.go:62.50,65.41 2 1
github.com/tfcace/hash/internal/completion/fuzzy.go:65.41,67.4 1 1
github.com/tfcace/hash/internal/completion/fuzzy.go:72.2,73.15 2 1
github.com/tfcace/hash/internal/completion/fuzzy.go:73.15,75.3 1 1
github.com/tfcace/hash/internal/completion/fuzzy.go:77.2,77.10 1 1
github.com/tfcace/hash/internal/completion/fuzzy.go:82.49,88.57 5 1
github.com/tfcace/hash/internal/completion/fuzzy.go:88.57,89.30 1 1
github.com/tfcace/hash/internal/completion/fuzzy.go:89.30,91.28 2 1
github.com/tfcace/hash/internal/completion/fuzzy.go:91.28,93.5 1 1
github.com/tfcace/hash/internal/completion/fuzzy.go:94.4,95.8 2 1
github.com/tfcace/hash/internal/completion/fuzzy.go:99.2,99.21 1 1
github.com/tfcace/hash/internal/completion/fuzzy.go:99.21,101.3 1 1
github.com/tfcace/hash/internal/completion/fuzzy.go:104.2,104.53 1 1
github.com/tfcace/hash/internal/completion/router.go:21.26,23.2 1 1
github.com/tfcace/hash/internal/completion/router.go:26.41,28.2 1 1
github.com/tfcace/hash/internal/completion/router.go:31.31,33.2 1 1
github.com/tfcace/hash/internal/completion/router.go:37.59,44.47 2 1
github.com/tfcace/hash/internal/completion/router.go:44.47,46.3 1 1
github.com/tfcace/hash/internal/completion/router.go:50.86,54.34 2 1
github.com/tfcace/hash/internal/completion/router.go:54.34,56.17 2 1
github.com/tfcace/hash/internal/completion/router.go:56.17,57.12 1 0
github.com/tfcace/hash/internal/completion/router.go:60.3,60.28 1 1
github.com/tfcace/hash/internal/completion/router.go:60.28,63.64 1 1
github.com/tfcace/hash/internal/completion/router.go:63.64,67.67 2 1
github.com/tfcace/hash/internal/completion/router.go:67.67,69.6 1 1
github.com/tfcace/hash/internal/completion/router.go:70.5,70.26 1 1
github.com/tfcace/hash/internal/completion/router.go:70.26,72.6 1 1
github.com/tfcace/hash/internal/completion/router.go:74.4,74.22 1 1
github.com/tfcace/hash/internal/completion/router.go:78.2,78.22 1 1
github.com/tfcace/hash/internal/completion/router.go:82.58,83.21 1 1
github.com/tfcace/hash/internal/completion/router.go:83.21,85.3 1 0
github.com/tfcace/hash/internal/completion/router.go:88.2,89.65 2 1
github.com/tfcace/hash/internal/completion/router.go:89.65,91.3 1 1
github.com/tfcace/hash/internal/completion/router.go:93.2,93.24 1 1
github.com/tfcace/hash/internal/completion/router.go:100.78,101.21 1 1
github.com/tfcace/hash/internal/completion/router.go:101.21,103.3 1 0
github.com/tfcace/hash/internal/completion/router.go:106.2,107.32 2 1
github.com/tfcace/hash/internal/completion/router.go:107.32,108.21 1 1
github.com/tfcace/hash/internal/completion/router.go:108.21,110.9 2 1
github.com/tfcace/hash/internal/completion/router.go:114.2,114.18 1 1
github.com/tfcace/hash/internal/completion/router.go:114.18,117.3 1 1
github.com/tfcace/hash/internal/completion/router.go:120.2,121.65 2 1
github.com/tfcace/hash/internal/completion/router.go:121.65,123.3 1 1
github.com/tfcace/hash/internal/completion/router.go:126.2,128.26 3 1
github.com/tfcace/hash/internal/completion/router.go:132.43,134.34 2 1
github.com/tfcace/hash/internal/completion/router.go:134.34,136.3 1 1
github.com/tfcace/hash/internal/completion/router.go:137.2,137.15 1 1
github.com/tfcace/hash/internal/completion/router.go:147.49,148.34 1 0
github.com/tfcace/hash/internal/completion/router.go:148.34,149.45 1 0
github.com/tfcace/hash/internal/completion/router.go:149.45,151.4 1 0
github.com/tfcace/hash/internal/editor/buffer.go:17.26,19.2 1 1
github.com/tfcace/hash/internal/editor/buffer.go:22.44,23.13 1 1
github.com/tfcace/hash/internal/editor/buffer.go:23.13,25.3 1 1
github.com/tfcace/hash/internal/editor/buffer.go:26.2,26.47 1 1
github.com/tfcace/hash/internal/editor/buffer.go:30.34,32.2 1 1
github.com/tfcace/hash/internal/editor/buffer.go:35.39,36.36 1 1
github.com/tfcace/hash/internal/editor/buffer.go:36.36,38.3 1 0
github.com/tfcace/hash/internal/editor/buffer.go:39.2,39.21 1 1
github.com/tfcace/hash/internal/editor/buffer.go:43.35,45.2 1 1
github.com/tfcace/hash/internal/editor/buffer.go:48.52,49.36 1 1
github.com/tfcace/hash/internal/editor/buffer.go:49.36,51.3 1 0
github.com/tfcace/hash/internal/editor/buffer.go:53.2,54.21 2 1
github.com/tfcace/hash/internal/editor/buffer.go:54.21,56.3 1 0
github.com/tfcace/hash/internal/editor/buffer.go:57.2,57.13 1 1
github.com/tfcace/hash/internal/editor/buffer.go:57.13,59.3 1 0
github.com/tfcace/hash/internal/editor/buffer.go:62.2,63.21 2 1
github.com/tfcace/hash/internal/editor/buffer.go:63.21,66.3 2 1
github.com/tfcace/hash/internal/editor/buffer.go:69.2,75.36 6 1
github.com/tfcace/hash/internal/editor/buffer.go:75.36,77.3 1 1
github.com/tfcace/hash/internal/editor/buffer.go:78.2,80.20 3 1
github.com/tfcace/hash/internal/editor/buffer.go:84.44,86.68 1 1
github.com/tfcace/hash/internal/editor/buffer.go:86.68,88.3 1 0
github.com/tfcace/hash/internal/editor/buffer.go:90.2,90.24 1 1
github.com/tfcace/hash/internal/editor/buffer.go:90.24,94.3 3 1
github.com/tfcace/hash/internal/editor/buffer.go:97.2,104.20 7 1
github.com/tfcace/hash/internal/editor/buffer.go:108.34,112.2 3 1
github.com/tfcace/hash/internal/editor/buffer.go:115.55,116.36 1 0
github.com/tfcace/hash/internal/editor/buffer.go:116.36,118.3 1 0
github.com/tfcace/hash/internal/editor/buffer.go:119.2,119.24 1 0
github.com/tfcace/hash/internal/editor/cursor.go:11.26,13.2 1 1
github.com/tfcace/hash/internal/editor/cursor.go:16.39,19.2 2 1
github.com/tfcace/hash/internal/editor/cursor.go:22.38,24.2 1 1
github.com/tfcace/hash/internal/editor/cursor.go:27.35,30.2 2 1
github.com/tfcace/hash/internal/editor/cursor.go:33.35,35.2 1 1
github.com/tfcace/hash/internal/editor/cursor.go:38.57,39.21 1 1
github.com/tfcace/hash/internal/editor/cursor.go:39.21,41.3 1 0
github.com/tfcace/hash/internal/editor/cursor.go:43.2,44.56 2 1
github.com/tfcace/hash/internal/editor/cursor.go:44.56,46.3 1 1
github.com/tfcace/hash/internal/editor/cursor.go:47.2,47.13 1 1
github.com/tfcace/hash/internal/editor/cursor.go:51.37,52.19 1 1
github.com/tfcace/hash/internal/editor/cursor.go:52.19,54.3 1 0
github.com/tfcace/hash/internal/editor/cursor.go:55.2,55.34 1 1
github.com/tfcace/hash/internal/editor/cursor.go:55.34,57.3 1 1
github.com/tfcace/hash/internal/editor/cursor.go:59.2,60.19 2 1
github.com/tfcace/hash/internal/editor/cursor.go:60.19,62.3 1 0
github.com/tfcace/hash/internal/editor/cursor.go:63.2,63.25 1 1
github.com/tfcace/hash/internal/editor/cursor.go:63.25,65.3 1 1
github.com/tfcace/hash/internal/editor/cursor.go:69.34,71.21 2 1
github.com/tfcace/hash/internal/editor/cursor.go:71.21,74.3 2 0
github.com/tfcace/hash/internal/editor/cursor.go:75.2,75.14 1 1
github.com/tfcace/hash/internal/editor/display.go:46.60,52.2 1 1
github.com/tfcace/hash/internal/editor/display.go:55.43,57.2 1 1
github.com/tfcace/hash/internal/editor/display.go:60.40,62.2 1 1
github.com/tfcace/hash/internal/editor/display.go:65.41,67.2 1 0
github.com/tfcace/hash/internal/editor/display.go:70.44,74.2 2 1
github.com/tfcace/hash/internal/editor/display.go:78.52,79.64 1 0
github.com/tfcace/hash/internal/editor/display.go:79.64,81.3 1 0
github.com/tfcace/hash/internal/editor/display.go:83.2,86.61 3 0
github.com/tfcace/hash/internal/editor/display.go:91.54,92.64 1 0
github.com/tfcace/hash/internal/editor/display.go:92.64,94.3 1 0
github.com/tfcace/hash/internal/editor/display.go:96.2,99.63 3 0
github.com/tfcace/hash/internal/editor/display.go:104.48,106.14 2 1
github.com/tfcace/hash/internal/editor/display.go:106.14,108.3 1 1
github.com/tfcace/hash/internal/editor/display.go:109.2,109.35 1 1
github.com/tfcace/hash/internal/editor/display.go:109.35,111.3 1 1
github.com/tfcace/hash/internal/editor/display.go:111.8,113.3 1 1
github.com/tfcace/hash/internal/editor/display.go:114.2,114.20 1 1
github.com/tfcace/hash/internal/editor/display.go:118.33,121.22 3 1
github.com/tfcace/hash/internal/editor/display.go:121.22,122.18 1 1
github.com/tfcace/hash/internal/editor/display.go:122.18,124.12 2 0
github.com/tfcace/hash/internal/editor/display.go:126.3,126.15 1 1
github.com/tfcace/hash/internal/editor/display.go:126.15,127.56 1 0
github.com/tfcace/hash/internal/editor/display.go:127.56,129.5 1 0
github.com/tfcace/hash/internal/editor/display.go:130.4,130.12 1 0
github.com/tfcace/hash/internal/editor/display.go:132.3,132.10 1 1
github.com/tfcace/hash/internal/editor/display.go:134.2,134.14 1 1
github.com/tfcace/hash/internal/editor/display.go:138.71,145.25 3 1
github.com/tfcace/hash/internal/editor/display.go:145.25,147.3 1 0
github.com/tfcace/hash/internal/editor/display.go:148.2,154.14 3 1
github.com/tfcace/hash/internal/editor/display.go:154.14,155.17 1 1
github.com/tfcace/hash/internal/editor/display.go:156.17,157.37 1 1
github.com/tfcace/hash/internal/editor/display.go:158.11,159.34 1 1
github.com/tfcace/hash/internal/editor/display.go:163.2,163.39 1 1
github.com/tfcace/hash/internal/editor/display.go:163.39,164.12 1 1
github.com/tfcace/hash/internal/editor/display.go:164.12,166.4 1 1
github.com/tfcace/hash/internal/editor/display.go:167.3,172.15 3 1
github.com/tfcace/hash/internal/editor/display.go:172.15,174.4 1 1
github.com/tfcace/hash/internal/editor/display.go:175.3,175.13 1 1
github.com/tfcace/hash/internal/editor/display.go:175.13,176.22 1 1
github.com/tfcace/hash/internal/editor/display.go:176.22,178.5 1 0
github.com/tfcace/hash/internal/editor/display.go:178.10,180.5 1 1
github.com/tfcace/hash/internal/editor/display.go:181.9,183.4 1 1
github.com/tfcace/hash/internal/editor/display.go:186.3,186.41 1 1
github.com/tfcace/hash/internal/editor/display.go:186.41,188.4 1 0
github.com/tfcace/hash/internal/editor/display.go:188.9,190.4 1 1
github.com/tfcace/hash/internal/editor/display.go:194.2,203.35 5 1
github.com/tfcace/hash/internal/editor/display.go:203.35,205.3 1 1
github.com/tfcace/hash/internal/editor/display.go:208.2,211.31 3 1
github.com/tfcace/hash/internal/editor/display.go:211.31,213.3 1 1
github.com/tfcace/hash/internal/editor/display.go:216.2,221.34 3 1
github.com/tfcace/hash/internal/editor/display.go:229.143,236.25 3 1
github.com/tfcace/hash/internal/editor/display.go:236.25,238.3 1 0
github.com/tfcace/hash/internal/editor/display.go:239.2,243.14 3 1
github.com/tfcace/hash/internal/editor/display.go:243.14,244.17 1 0
github.com/tfcace/hash/internal/editor/display.go:245.17,246.37 1 0
github.com/tfcace/hash/internal/editor/display.go:247.11,248.34 1 0
github.com/tfcace/hash/internal/editor/display.go:252.2,255.39 3 1
github.com/tfcace/hash/internal/editor/display.go:255.39,256.12 1 1
github.com/tfcace/hash/internal/editor/display.go:256.12,258.4 1 0
github.com/tfcace/hash/internal/editor/display.go:259.3,264.15 3 1
github.com/tfcace/hash/internal/editor/display.go:264.15,266.4 1 0
github.com/tfcace/hash/internal/editor/display.go:267.3,267.13 1 1
github.com/tfcace/hash/internal/editor/display.go:267.13,268.22 1 1
github.com/tfcace/hash/internal/editor/display.go:268.22,270.5 1 0
github.com/tfcace/hash/internal/editor/display.go:270.10,272.5 1 1
github.com/tfcace/hash/internal/editor/display.go:273.9,275.4 1 0
github.com/tfcace/hash/internal/editor/display.go:278.3,278.41 1 1
github.com/tfcace/hash/internal/editor/display.go:278.41,280.4 1 0
github.com/tfcace/hash/internal/editor/display.go:280.9,282.4 1 1
github.com/tfcace/hash/internal/editor/display.go:285.3,285.55 1 1
github.com/tfcace/hash/internal/editor/display.go:285.55,286.36 1 0
github.com/tfcace/hash/internal/editor/display.go:286.36,290.5 1 0
github.com/tfcace/hash/internal/editor/display.go:290.10,290.30 1 0
github.com/tfcace/hash/internal/editor/display.go:290.30,294.24 3 0
github.com/tfcace/hash/internal/editor/display.go:294.24,296.6 1 0
github.com/tfcace/hash/internal/editor/display.go:298.5,298.18 1 0
github.com/tfcace/hash/internal/editor/display.go:298.18,305.19 4 0
github.com/tfcace/hash/internal/editor/display.go:305.19,307.7 1 0
github.com/tfcace/hash/internal/editor/display.go:307.12,309.7 1 0
github.com/tfcace/hash/internal/editor/display.go:310.11,315.6 3 0
github.com/tfcace/hash/internal/editor/display.go:321.2,326.35 3 1
github.com/tfcace/hash/internal/editor/display.go:326.35,328.3 1 0
github.com/tfcace/hash/internal/editor/display.go:331.2,334.31 3 1
github.com/tfcace/hash/internal/editor/display.go:334.31,336.3 1 1
github.com/tfcace/hash/internal/editor/display.go:339.2,344.34 3 1
github.com/tfcace/hash/internal/editor/display.go:347.99,351.38 2 0
github.com/tfcace/hash/internal/editor/display.go:351.38,354.3 2 0
github.com/tfcace/hash/internal/editor/display.go:356.2,359.22 3 0
github.com/tfcace/hash/internal/editor/display.go:359.22,361.3 1 0
github.com/tfcace/hash/internal/editor/display.go:362.2,362.20 1 0
github.com/tfcace/hash/internal/editor/display.go:362.20,364.3 1 0
github.com/tfcace/hash/internal/editor/display.go:367.2,367.26 1 0
github.com/tfcace/hash/internal/editor/display.go:367.26,369.3 1 0
github.com/tfcace/hash/internal/editor/display.go:370.2,370.24 1 0
github.com/tfcace/hash/internal/editor/display.go:370.24,372.3 1 0
github.com/tfcace/hash/internal/editor/display.go:375.2,379.31 5 0
github.com/tfcace/hash/internal/editor/display.go:383.27,384.25 1 0
github.com/tfcace/hash/internal/editor/display.go:384.25,386.3 1 0
github.com/tfcace/hash/internal/editor/display.go:387.2,390.21 4 0
github.com/tfcace/hash/internal/editor/display.go:395.41,399.25 2 1
github.com/tfcace/hash/internal/editor/display.go:399.25,401.3 1 0
github.com/tfcace/hash/internal/editor/display.go:402.2,405.39 2 1
github.com/tfcace/hash/internal/editor/display.go:405.39,409.26 2 1
github.com/tfcace/hash/internal/editor/display.go:409.26,411.4 1 0
github.com/tfcace/hash/internal/editor/display.go:413.3,416.15 2 1
github.com/tfcace/hash/internal/editor/display.go:416.15,419.4 2 0
github.com/tfcace/hash/internal/editor/display.go:421.3,421.13 1 1
github.com/tfcace/hash/internal/editor/display.go:421.13,422.22 1 1
github.com/tfcace/hash/internal/editor/display.go:422.22,425.5 2 0
github.com/tfcace/hash/internal/editor/display.go:425.10,428.5 2 1
github.com/tfcace/hash/internal/editor/display.go:429.9,432.4 2 0
github.com/tfcace/hash/internal/editor/display.go:435.3,441.52 5 1
github.com/tfcace/hash/internal/editor/display.go:441.52,444.33 3 0
github.com/tfcace/hash/internal/editor/display.go:444.33,446.5 1 0
github.com/tfcace/hash/internal/editor/display.go:447.4,447.29 1 0
github.com/tfcace/hash/internal/editor/display.go:450.3,450.25 1 1
github.com/tfcace/hash/internal/editor/display.go:453.2,456.21 4 1
github.com/tfcace/hash/internal/editor/display.go:461.40,463.2 1 0
github.com/tfcace/hash/internal/editor/display.go:467.71,468.22 1 0
github.com/tfcace/hash/internal/editor/display.go:468.22,470.3 1 0
github.com/tfcace/hash/internal/editor/display.go:473.2,474.9 2 0
github.com/tfcace/hash/internal/editor/display.go:475.25,476.43 1 0
github.com/tfcace/hash/internal/editor/display.go:477.26,478.58 1 0
github.com/tfcace/hash/internal/editor/display.go:479.10,482.45 3 0
github.com/tfcace/hash/internal/editor/display.go:486.2,492.23 4 0
github.com/tfcace/hash/internal/editor/display.go:492.23,494.3 1 0
github.com/tfcace/hash/internal/editor/display.go:497.2,498.13 2 0
github.com/tfcace/hash/internal/editor/display.go:498.13,500.3 1 0
github.com/tfcace/hash/internal/editor/display.go:503.2,504.25 2 0
github.com/tfcace/hash/internal/editor/display.go:504.25,506.3 1 0
github.com/tfcace/hash/internal/editor/display.go:507.2,513.34 4 0
github.com/tfcace/hash/internal/editor/display.go:517.45,520.2 2 0
github.com/tfcace/hash/internal/editor/display.go:531.88,532.21 1 1
github.com/tfcace/hash/internal/editor/display.go:532.21,534.3 1 0
github.com/tfcace/hash/internal/editor/display.go:536.2,548.29 6 1
github.com/tfcace/hash/internal/editor/display.go:548.29,549.36 1 1
github.com/tfcace/hash/internal/editor/display.go:549.36,551.4 1 1
github.com/tfcace/hash/internal/editor/display.go:555.2,556.29 2 1
github.com/tfcace/hash/internal/editor/display.go:556.29,558.3 1 1
github.com/tfcace/hash/internal/editor/display.go:561.2,562.28 2 1
github.com/tfcace/hash/internal/editor/display.go:562.28,564.3 1 0
github.com/tfcace/hash/internal/editor/display.go:567.2,570.20 4 1
github.com/tfcace/hash/internal/editor/display.go:570.20,573.20 2 0
github.com/tfcace/hash/internal/editor/display.go:573.20,575.4 1 0
github.com/tfcace/hash/internal/editor/display.go:577.3,579.40 3 0
github.com/tfcace/hash/internal/editor/display.go:579.40,581.4 1 0
github.com/tfcace/hash/internal/editor/display.go:585.2,585.76 1 1
github.com/tfcace/hash/internal/editor/display.go:585.76,592.18 5 1
github.com/tfcace/hash/internal/editor/display.go:592.18,594.4 1 1
github.com/tfcace/hash/internal/editor/display.go:597.3,597.21 1 1
github.com/tfcace/hash/internal/editor/display.go:597.21,598.65 1 0
github.com/tfcace/hash/internal/editor/display.go:598.65,602.5 3 0
github.com/tfcace/hash/internal/editor/display.go:602.10,604.5 1 0
github.com/tfcace/hash/internal/editor/display.go:608.3,608.20 1 1
github.com/tfcace/hash/internal/editor/display.go:608.20,610.4 1 1
github.com/tfcace/hash/internal/editor/display.go:613.3,618.32 4 1
github.com/tfcace/hash/internal/editor/display.go:618.32,620.4 1 1
github.com/tfcace/hash/internal/editor/display.go:623.3,623.29 1 1
github.com/tfcace/hash/internal/editor/display.go:623.29,625.19 2 1
github.com/tfcace/hash/internal/editor/display.go:625.19,626.22 1 1
github.com/tfcace/hash/internal/editor/display.go:626.22,628.6 1 1
github.com/tfcace/hash/internal/editor/display.go:630.5,631.47 2 1
github.com/tfcace/hash/internal/editor/display.go:631.47,634.6 2 0
github.com/tfcace/hash/internal/editor/display.go:635.5,636.22 2 1
github.com/tfcace/hash/internal/editor/display.go:636.22,638.6 1 1
github.com/tfcace/hash/internal/editor/display.go:642.3,644.20 2 1
github.com/tfcace/hash/internal/editor/display.go:644.20,646.4 1 1
github.com/tfcace/hash/internal/editor/display.go:650.2,655.30 3 1
github.com/tfcace/hash/internal/editor/display.go:659.53,660.19 1 1
github.com/tfcace/hash/internal/editor/display.go:660.19,662.3 1 1
github.com/tfcace/hash/internal/editor/display.go:664.2,671.27 4 0
github.com/tfcace/hash/internal/editor/display.go:671.27,673.3 1 0
github.com/tfcace/hash/internal/editor/display.go:675.2,675.34 1 0
github.com/tfcace/hash/internal/editor/display.go:675.34,678.3 2 0
github.com/tfcace/hash/internal/editor/display.go:681.2,686.21 3 0
github.com/tfcace/hash/internal/editor/editor.go:82.59,90.33 4 1
github.com/tfcace/hash/internal/editor/editor.go:90.33,91.57 1 0
github.com/tfcace/hash/internal/editor/editor.go:91.57,93.4 1 0
github.com/tfcace/hash/internal/editor/editor.go:96.2,98.28 3 1
github.com/tfcace/hash/internal/editor/editor.go:98.28,100.3 1 0
github.com/tfcace/hash/internal/editor/editor.go:101.2,101.30 1 1
github.com/tfcace/hash/internal/editor/editor.go:101.30,103.3 1 0
github.com/tfcace/hash/internal/editor/editor.go:105.2,114.3 1 1
github.com/tfcace/hash/internal/editor/editor.go:118.44,120.2 1 0
github.com/tfcace/hash/internal/editor/editor.go:124.82,132.2 6 0
github.com/tfcace/hash/internal/editor/editor.go:135.50,137.2 1 0
github.com/tfcace/hash/internal/editor/editor.go:140.35,144.2 3 0
github.com/tfcace/hash/internal/editor/editor.go:147.43,149.2 1 0
github.com/tfcace/hash/internal/editor/editor.go:153.110,154.22 1 0
github.com/tfcace/hash/internal/editor/editor.go:154.22,156.3 1 0
github.com/tfcace/hash/internal/editor/editor.go:159.2,160.9 2 0
github.com/tfcace/hash/internal/editor/editor.go:161.25,162.43 1 0
github.com/tfcace/hash/internal/editor/editor.go:163.26,164.58 1 0
github.com/tfcace/hash/internal/editor/editor.go:165.10,168.45 3 0
github.com/tfcace/hash/internal/editor/editor.go:171.2,172.24 2 0
github.com/tfcace/hash/internal/editor/editor.go:172.24,174.3 1 0
github.com/tfcace/hash/internal/editor/editor.go:176.2,184.13 5 0
github.com/tfcace/hash/internal/editor/editor.go:184.13,186.3 1 0
github.com/tfcace/hash/internal/editor/editor.go:189.2,190.19 2 0
github.com/tfcace/hash/internal/editor/editor.go:190.19,193.45 2 0
github.com/tfcace/hash/internal/editor/editor.go:193.45,196.4 2 0
github.com/tfcace/hash/internal/editor/editor.go:198.2,204.32 4 0
github.com/tfcace/hash/internal/editor/editor.go:208.46,212.2 2 0
github.com/tfcace/hash/internal/editor/editor.go:215.59,218.20 2 1
github.com/tfcace/hash/internal/editor/editor.go:218.20,220.3 1 0
github.com/tfcace/hash/internal/editor/editor.go:223.2,238.34 8 1
github.com/tfcace/hash/internal/editor/editor.go:238.34,240.3 1 0
github.com/tfcace/hash/internal/editor/editor.go:243.2,246.52 3 1
github.com/tfcace/hash/internal/editor/editor.go:251.45,253.42 2 1
github.com/tfcace/hash/internal/editor/editor.go:253.42,255.3 1 1
github.com/tfcace/hash/internal/editor/editor.go:257.2,258.16 2 0
github.com/tfcace/hash/internal/editor/editor.go:258.16,260.3 1 0
github.com/tfcace/hash/internal/editor/editor.go:261.2,271.16 5 0
github.com/tfcace/hash/internal/editor/editor.go:271.16,275.3 3 0
github.com/tfcace/hash/internal/editor/editor.go:279.90,284.12 4 1
github.com/tfcace/hash/internal/editor/editor.go:284.12,285.7 1 1
github.com/tfcace/hash/internal/editor/editor.go:285.7,287.18 2 1
github.com/tfcace/hash/internal/editor/editor.go:287.18,288.32 1 1
github.com/tfcace/hash/internal/editor/editor.go:288.32,290.6 1 0
github.com/tfcace/hash/internal/editor/editor.go:291.5,291.12 1 1
github.com/tfcace/hash/internal/editor/editor.go:292.23,292.23 0 1
github.com/tfcace/hash/internal/editor/editor.go:293.17,293.17 0 1
github.com/tfcace/hash/internal/editor/editor.go:295.5,295.11 1 1
github.com/tfcace/hash/internal/editor/editor.go:297.4,297.11 1 1
github.com/tfcace/hash/internal/editor/editor.go:298.22,298.22 0 1
github.com/tfcace/hash/internal/editor/editor.go:299.16,300.11 1 0
github.com/tfcace/hash/internal/editor/editor.go:305.2,305.27 1 1
github.com/tfcace/hash/internal/editor/editor.go:309.133,310.6 1 1
github.com/tfcace/hash/internal/editor/editor.go:310.6,311.10 1 1
github.com/tfcace/hash/internal/editor/editor.go:312.21,313.44 1 0
github.com/tfcace/hash/internal/editor/editor.go:314.16,315.20 1 0
github.com/tfcace/hash/internal/editor/editor.go:316.38,317.37 1 0
github.com/tfcace/hash/internal/editor/editor.go:318.36,319.35 1 0
github.com/tfcace/hash/internal/editor/editor.go:320.26,321.21 1 1
github.com/tfcace/hash/internal/editor/editor.go:321.21,323.5 1 1
github.com/tfcace/hash/internal/editor/editor.go:324.4,324.24 1 0
github.com/tfcace/hash/internal/editor/editor.go:325.23,326.51 1 1
github.com/tfcace/hash/internal/editor/editor.go:326.51,328.5 1 1
github.com/tfcace/hash/internal/editor/editor.go:334.62,335.9 1 0
github.com/tfcace/hash/internal/editor/editor.go:335.9,341.3 5 0
github.com/tfcace/hash/internal/editor/editor.go:342.2,343.24 2 0
github.com/tfcace/hash/internal/editor/editor.go:343.24,345.3 1 0
github.com/tfcace/hash/internal/editor/editor.go:346.2,346.12 1 0
github.com/tfcace/hash/internal/editor/editor.go:350.59,351.9 1 0
github.com/tfcace/hash/internal/editor/editor.go:351.9,354.3 2 0
github.com/tfcace/hash/internal/editor/editor.go:355.2,355.16 1 0
github.com/tfcace/hash/internal/editor/editor.go:355.16,360.3 4 0
github.com/tfcace/hash/internal/editor/editor.go:364.57,374.33 2 1
github.com/tfcace/hash/internal/editor/editor.go:374.33,376.3 1 1
github.com/tfcace/hash/internal/editor/editor.go:379.2,379.33 1 1
github.com/tfcace/hash/internal/editor/editor.go:379.33,380.37 1 1
github.com/tfcace/hash/internal/editor/editor.go:380.37,382.4 1 1
github.com/tfcace/hash/internal/editor/editor.go:383.3,383.25 1 0
github.com/tfcace/hash/internal/editor/editor.go:387.2,387.65 1 1
github.com/tfcace/hash/internal/editor/editor.go:387.65,388.32 1 0
github.com/tfcace/hash/internal/editor/editor.go:388.32,391.4 2 0
github.com/tfcace/hash/internal/editor/editor.go:392.3,393.24 2 0
github.com/tfcace/hash/internal/editor/editor.go:397.2,397.54 1 1
github.com/tfcace/hash/internal/editor/editor.go:397.54,400.3 2 0
github.com/tfcace/hash/internal/editor/editor.go:403.2,404.59 2 1
github.com/tfcace/hash/internal/editor/editor.go:404.59,406.3 1 1
github.com/tfcace/hash/internal/editor/editor.go:408.2,410.24 3 1
github.com/tfcace/hash/internal/editor/editor.go:414.47,416.49 2 1
github.com/tfcace/hash/internal/editor/editor.go:416.49,421.3 4 0
github.com/tfcace/hash/internal/editor/editor.go:422.2,423.36 2 1
github.com/tfcace/hash/internal/editor/editor.go:423.36,425.3 1 1
github.com/tfcace/hash/internal/editor/editor.go:426.2,429.24 4 1
github.com/tfcace/hash/internal/editor/editor.go:434.70,435.27 1 1
github.com/tfcace/hash/internal/editor/editor.go:435.27,437.3 1 1
github.com/tfcace/hash/internal/editor/editor.go:438.2,440.19 2 1
github.com/tfcace/hash/internal/editor/editor.go:440.19,443.3 2 1
github.com/tfcace/hash/internal/editor/editor.go:444.2,444.26 1 1
github.com/tfcace/hash/internal/editor/editor.go:444.26,447.3 2 0
github.com/tfcace/hash/internal/editor/editor.go:448.2,448.26 1 1
github.com/tfcace/hash/internal/editor/editor.go:448.26,451.3 2 0
github.com/tfcace/hash/internal/editor/editor.go:453.2,456.24 3 1
github.com/tfcace/hash/internal/editor/editor.go:460.61,461.33 1 1
github.com/tfcace/hash/internal/editor/editor.go:461.33,463.3 1 1
github.com/tfcace/hash/internal/editor/editor.go:464.2,464.24 1 1
github.com/tfcace/hash/internal/editor/editor.go:464.24,465.79 1 1
github.com/tfcace/hash/internal/editor/editor.go:465.79,468.4 2 1
github.com/tfcace/hash/internal/editor/editor.go:470.2,470.24 1 1
github.com/tfcace/hash/internal/editor/editor.go:470.24,471.78 1 0
github.com/tfcace/hash/internal/editor/editor.go:471.78,474.4 2 0
github.com/tfcace/hash/internal/editor/editor.go:479.66,480.43 1 1
github.com/tfcace/hash/internal/editor/editor.go:480.43,482.3 1 1
github.com/tfcace/hash/internal/editor/editor.go:483.2,483.21 1 1
github.com/tfcace/hash/internal/editor/editor.go:483.21,485.3 1 1
github.com/tfcace/hash/internal/editor/editor.go:486.2,486.17 1 1
github.com/tfcace/hash/internal/editor/editor.go:486.17,488.3 1 0
github.com/tfcace/hash/internal/editor/editor.go:489.2,489.18 1 1
github.com/tfcace/hash/internal/editor/editor.go:489.18,492.3 2 0
github.com/tfcace/hash/internal/editor/editor.go:493.2,493.24 1 1
github.com/tfcace/hash/internal/editor/editor.go:493.24,496.3 2 0
github.com/tfcace/hash/internal/editor/editor.go:499.27,507.42 6 1
github.com/tfcace/hash/internal/editor/editor.go:507.42,509.3 1 0
github.com/tfcace/hash/internal/editor/editor.go:510.2,513.54 2 1
github.com/tfcace/hash/internal/editor/editor.go:513.54,515.42 2 0
github.com/tfcace/hash/internal/editor/editor.go:515.42,517.4 1 0
github.com/tfcace/hash/internal/editor/editor.go:518.3,518.83 1 0
github.com/tfcace/hash/internal/editor/editor.go:524.51,525.21 1 0
github.com/tfcace/hash/internal/editor/editor.go:526.14,534.17 3 0
github.com/tfcace/hash/internal/editor/editor.go:534.17,536.4 1 0
github.com/tfcace/hash/internal/editor/editor.go:538.3,540.14 3 0
github.com/tfcace/hash/internal/editor/editor.go:542.16,550.17 3 0
github.com/tfcace/hash/internal/editor/editor.go:550.17,552.4 1 0
github.com/tfcace/hash/internal/editor/editor.go:553.3,553.14 1 0
github.com/tfcace/hash/internal/editor/editor.go:555.17,564.14 5 0
github.com/tfcace/hash/internal/editor/editor.go:566.16,574.17 3 0
github.com/tfcace/hash/internal/editor/editor.go:574.17,576.4 1 0
github.com/tfcace/hash/internal/editor/editor.go:578.3,581.15 3 0
github.com/tfcace/hash/internal/editor/editor.go:585.2,585.52 1 0
github.com/tfcace/hash/internal/editor/editor.go:585.52,592.17 3 0
github.com/tfcace/hash/internal/editor/editor.go:592.17,594.4 1 0
github.com/tfcace/hash/internal/editor/editor.go:595.3,595.14 1 0
github.com/tfcace/hash/internal/editor/editor.go:599.2,604.14 2 0
github.com/tfcace/hash/internal/editor/editor.go:608.42,613.25 3 0
github.com/tfcace/hash/internal/editor/editor.go:613.25,614.16 1 0
github.com/tfcace/hash/internal/editor/editor.go:614.16,617.4 2 0
github.com/tfcace/hash/internal/editor/editor.go:617.9,619.4 1 0
github.com/tfcace/hash/internal/editor/editor.go:621.2,622.30 2 0
github.com/tfcace/hash/internal/editor/editor.go:625.33,626.35 1 0
github.com/tfcace/hash/internal/editor/editor.go:626.35,627.57 1 0
github.com/tfcace/hash/internal/editor/editor.go:627.57,629.4 1 0
github.com/tfcace/hash/internal/editor/editor.go:631.2,631.12 1 0
github.com/tfcace/hash/internal/editor/editor.go:634.46,635.26 1 1
github.com/tfcace/hash/internal/editor/editor.go:635.26,637.3 1 1
github.com/tfcace/hash/internal/editor/editor.go:639.2,650.16 3 1
github.com/tfcace/hash/internal/editor/editor.go:650.16,652.3 1 1
github.com/tfcace/hash/internal/editor/editor.go:654.2,655.24 2 1
github.com/tfcace/hash/internal/editor/editor.go:659.34,660.22 1 0
github.com/tfcace/hash/internal/editor/editor.go:660.22,663.3 2 0
github.com/tfcace/hash/internal/editor/editor.go:667.25,668.36 1 0
github.com/tfcace/hash/internal/editor/editor.go:668.36,670.3 1 0
github.com/tfcace/hash/internal/editor/editor.go:672.2,679.33 5 0
github.com/tfcace/hash/internal/editor/editor.go:683.37,687.20 3 0
github.com/tfcace/hash/internal/editor/editor.go:687.20,689.3 1 0
github.com/tfcace/hash/internal/editor/editor.go:691.2,694.13 3 0
github.com/tfcace/hash/internal/editor/editor.go:694.13,697.20 2 0
github.com/tfcace/hash/internal/editor/editor.go:697.20,699.4 1 0
github.com/tfcace/hash/internal/editor/editor.go:702.2,707.25 4 0
github.com/tfcace/hash/internal/editor/editor.go:707.25,708.16 1 0
github.com/tfcace/hash/internal/editor/editor.go:708.16,711.4 2 0
github.com/tfcace/hash/internal/editor/editor.go:711.9,713.35 2 0
github.com/tfcace/hash/internal/editor/editor.go:713.35,714.24 1 0
github.com/tfcace/hash/internal/editor/editor.go:714.24,716.11 2 0
github.com/tfcace/hash/internal/editor/editor.go:722.2,722.15 1 0
github.com/tfcace/hash/internal/editor/editor.go:722.15,725.3 2 0
github.com/tfcace/hash/internal/editor/editor.go:725.8,727.3 1 0
github.com/tfcace/hash/internal/editor/editor.go:731.38,732.34 1 1
github.com/tfcace/hash/internal/editor/editor.go:732.34,734.3 1 1
github.com/tfcace/hash/internal/editor/editor.go:736.2,740.21 4 1
github.com/tfcace/hash/internal/editor/editor.go:740.21,743.3 2 1
github.com/tfcace/hash/internal/editor/editor.go:747.2,751.21 4 1
github.com/tfcace/hash/internal/editor/editor.go:751.21,755.3 2 1
github.com/tfcace/hash/internal/editor/editor.go:758.2,760.27 3 1
github.com/tfcace/hash/internal/editor/editor.go:765.36,766.34 1 1
github.com/tfcace/hash/internal/editor/editor.go:766.34,768.3 1 1
github.com/tfcace/hash/internal/editor/editor.go:770.2,774.55 3 0
github.com/tfcace/hash/internal/editor/editor.go:774.55,776.3 1 0
github.com/tfcace/hash/internal/editor/editor.go:780.37,782.46 2 1
github.com/tfcace/hash/internal/editor/editor.go:782.46,784.3 1 1
github.com/tfcace/hash/internal/editor/editor.go:785.2,786.15 2 1
github.com/tfcace/hash/internal/editor/editor.go:790.38,793.79 3 1
github.com/tfcace/hash/internal/editor/editor.go:793.79,795.3 1 1
github.com/tfcace/hash/internal/editor/editor.go:796.2,796.12 1 1
github.com/tfcace/hash/internal/editor/editor.go:800.52,815.2 6 1
github.com/tfcace/hash/internal/editor/editor.go:818.38,819.24 1 1
github.com/tfcace/hash/internal/editor/editor.go:819.24,821.3 1 1
github.com/tfcace/hash/internal/editor/editor.go:822.2,824.23 3 1
github.com/tfcace/hash/internal/editor/editor.go:829.52,830.33 1 1
github.com/tfcace/hash/internal/editor/editor.go:830.33,833.3 2 1
github.com/tfcace/hash/internal/editor/editor.go:835.2,835.21 1 1
github.com/tfcace/hash/internal/editor/editor.go:836.15,838.14 2 1
github.com/tfcace/hash/internal/editor/editor.go:840.13,842.28 2 1
github.com/tfcace/hash/internal/editor/editor.go:842.28,844.4 1 1
github.com/tfcace/hash/internal/editor/editor.go:845.3,845.14 1 1
github.com/tfcace/hash/internal/editor/editor.go:847.14,850.14 2 0
github.com/tfcace/hash/internal/editor/editor.go:852.16,855.14 2 0
github.com/tfcace/hash/internal/editor/editor.go:857.17,860.14 2 0
github.com/tfcace/hash/internal/editor/editor.go:864.2,865.14 2 0
github.com/tfcace/hash/internal/editor/editor.go:869.58,870.26 1 0
github.com/tfcace/hash/internal/editor/editor.go:870.26,872.26 2 0
github.com/tfcace/hash/internal/editor/editor.go:872.26,874.4 1 0
github.com/tfcace/hash/internal/editor/editor.go:875.3,875.28 1 0
github.com/tfcace/hash/internal/editor/editor.go:875.28,877.4 1 0
github.com/tfcace/hash/internal/editor/editor.go:878.3,878.33 1 0
github.com/tfcace/hash/internal/editor/editor.go:881.2,882.46 2 0
github.com/tfcace/hash/internal/editor/editor.go:882.46,884.14 2 0
github.com/tfcace/hash/internal/editor/editor.go:885.18,886.30 1 0
github.com/tfcace/hash/internal/editor/editor.go:887.16,889.26 2 0
github.com/tfcace/hash/internal/editor/editor.go:889.26,891.5 1 0
github.com/tfcace/hash/internal/editor/editor.go:892.4,892.34 1 0
github.com/tfcace/hash/internal/editor/editor.go:893.11,894.25 1 0
github.com/tfcace/hash/internal/editor/editor.go:897.2,897.15 1 0
github.com/tfcace/hash/internal/editor/ghost.go:15.32,17.2 1 1
github.com/tfcace/hash/internal/editor/ghost.go:20.38,24.2 3 1
github.com/tfcace/hash/internal/editor/ghost.go:27.41,30.2 2 1
github.com/tfcace/hash/internal/editor/ghost.go:33.29,39.2 5 1
github.com/tfcace/hash/internal/editor/ghost.go:42.40,43.33 1 1
github.com/tfcace/hash/internal/editor/ghost.go:43.33,45.3 1 1
github.com/tfcace/hash/internal/editor/ghost.go:46.2,46.30 1 1
github.com/tfcace/hash/internal/editor/ghost.go:51.40,55.2 3 1
github.com/tfcace/hash/internal/editor/ghost.go:59.41,61.21 2 1
github.com/tfcace/hash/internal/editor/ghost.go:61.21,64.3 2 0
github.com/tfcace/hash/internal/editor/ghost.go:67.2,69.30 3 1
github.com/tfcace/hash/internal/editor/ghost.go:69.30,70.28 1 1
github.com/tfcace/hash/internal/editor/ghost.go:70.28,71.14 1 1
github.com/tfcace/hash/internal/editor/ghost.go:71.14,73.41 1 1
github.com/tfcace/hash/internal/editor/ghost.go:73.41,74.53 1 1
github.com/tfcace/hash/internal/editor/ghost.go:74.53,76.12 2 1
github.com/tfcace/hash/internal/editor/ghost.go:78.6,78.17 1 1
github.com/tfcace/hash/internal/editor/ghost.go:80.5,80.10 1 1
github.com/tfcace/hash/internal/editor/ghost.go:82.9,84.4 1 1
github.com/tfcace/hash/internal/editor/ghost.go:85.3,85.14 1 1
github.com/tfcace/hash/internal/editor/ghost.go:88.2,92.33 3 1
github.com/tfcace/hash/internal/editor/ghost.go:92.33,94.3 1 1
github.com/tfcace/hash/internal/editor/ghost.go:96.2,96.17 1 1
github.com/tfcace/hash/internal/editor/ghost.go:101.41,103.21 2 1
github.com/tfcace/hash/internal/editor/ghost.go:103.21,106.3 2 0
github.com/tfcace/hash/internal/editor/ghost.go:109.2,112.33 4 1
github.com/tfcace/hash/internal/editor/ghost.go:112.33,114.3 1 1
github.com/tfcace/hash/internal/editor/ghost.go:115.2,115.18 1 1
github.com/tfcace/hash/internal/editor/ghost.go:119.36,121.2 1 1
github.com/tfcace/hash/internal/editor/ghost.go:124.50,126.15 2 1
github.com/tfcace/hash/internal/editor/ghost.go:126.15,128.3 1 1
github.com/tfcace/hash/internal/editor/input.go:27.48,32.2 1 1
github.com/tfcace/hash/internal/editor/input.go:40.48,43.2 2 1
github.com/tfcace/hash/internal/editor/input.go:47.93,50.34 1 1
github.com/tfcace/hash/internal/editor/input.go:50.34,52.47 2 0
github.com/tfcace/hash/internal/editor/input.go:52.47,55.4 2 0
github.com/tfcace/hash/internal/editor/input.go:57.3,57.22 1 0
github.com/tfcace/hash/internal/editor/input.go:62.2,63.22 2 1
github.com/tfcace/hash/internal/editor/input.go:69.38,72.9 2 0
github.com/tfcace/hash/internal/editor/input.go:72.9,74.3 1 0
github.com/tfcace/hash/internal/editor/input.go:75.2,78.27 2 0
github.com/tfcace/hash/internal/editor/input.go:78.27,80.27 2 0
github.com/tfcace/hash/internal/editor/input.go:80.27,81.9 1 0
github.com/tfcace/hash/internal/editor/input.go:85.3,85.23 1 0
github.com/tfcace/hash/internal/editor/input.go:85.23,89.4 2 0
github.com/tfcace/hash/internal/editor/input.go:89.9,91.4 1 0
github.com/tfcace/hash/internal/editor/input.go:96.36,98.2 1 0
github.com/tfcace/hash/internal/editor/input.go:102.70,109.16 5 0
github.com/tfcace/hash/internal/editor/input.go:109.16,111.3 1 0
github.com/tfcace/hash/internal/editor/input.go:113.2,113.26 1 0
github.com/tfcace/hash/internal/editor/input.go:117.55,120.25 2 0
github.com/tfcace/hash/internal/editor/input.go:120.25,121.28 1 0
github.com/tfcace/hash/internal/editor/input.go:121.28,122.9 1 0
github.com/tfcace/hash/internal/editor/input.go:124.3,125.27 2 0
github.com/tfcace/hash/internal/editor/input.go:125.27,126.9 1 0
github.com/tfcace/hash/internal/editor/input.go:128.3,129.40 2 0
github.com/tfcace/hash/internal/editor/input.go:129.40,130.9 1 0
github.com/tfcace/hash/internal/editor/input.go:134.2,134.32 1 0
github.com/tfcace/hash/internal/editor/input.go:138.46,140.2 1 1
github.com/tfcace/hash/internal/editor/input.go:145.79,147.28 1 1
github.com/tfcace/hash/internal/editor/input.go:147.28,156.3 4 0
github.com/tfcace/hash/internal/editor/input.go:159.2,159.18 1 1
github.com/tfcace/hash/internal/editor/input.go:159.18,169.3 5 1
github.com/tfcace/hash/internal/editor/input.go:172.2,172.49 1 1
github.com/tfcace/hash/internal/editor/input.go:172.49,175.7 3 0
github.com/tfcace/hash/internal/editor/input.go:175.7,177.11 1 0
github.com/tfcace/hash/internal/editor/input.go:178.16,179.35 1 0
github.com/tfcace/hash/internal/editor/input.go:180.12,180.12 0 0
github.com/tfcace/hash/internal/editor/input.go:184.4,184.53 1 0
github.com/tfcace/hash/internal/editor/input.go:184.53,185.10 1 0
github.com/tfcace/hash/internal/editor/input.go:192.2,193.16 2 1
github.com/tfcace/hash/internal/editor/input.go:193.16,198.3 2 1
github.com/tfcace/hash/internal/editor/input.go:199.2,199.12 1 1
github.com/tfcace/hash/internal/editor/input.go:199.12,204.3 2 0
github.com/tfcace/hash/internal/editor/input.go:207.2,207.22 1 1
github.com/tfcace/hash/internal/editor/input.go:207.22,215.3 3 1
github.com/tfcace/hash/internal/editor/input.go:217.2,223.17 3 1
github.com/tfcace/hash/internal/editor/input.go:245.30,247.12 2 1
github.com/tfcace/hash/internal/editor/input.go:247.12,249.3 1 1
github.com/tfcace/hash/internal/editor/input.go:250.2,250.11 1 1
github.com/tfcace/hash/internal/editor/input.go:250.11,252.3 1 0
github.com/tfcace/hash/internal/editor/input.go:253.2,253.13 1 1
github.com/tfcace/hash/internal/editor/input.go:253.13,255.3 1 0
github.com/tfcace/hash/internal/editor/input.go:257.2,258.58 2 1
github.com/tfcace/hash/internal/editor/input.go:258.58,260.3 1 1
github.com/tfcace/hash/internal/editor/input.go:260.8,260.50 1 1
github.com/tfcace/hash/internal/editor/input.go:260.50,262.3 1 0
github.com/tfcace/hash/internal/editor/input.go:264.2,264.19 1 1
github.com/tfcace/hash/internal/editor/input.go:264.19,266.3 1 1
github.com/tfcace/hash/internal/editor/input.go:267.2,267.21 1 1
github.com/tfcace/hash/internal/editor/input.go:267.21,269.3 1 0
github.com/tfcace/hash/internal/editor/input.go:270.2,270.33 1 1
github.com/tfcace/hash/internal/editor/input.go:273.57,280.25 3 1
github.com/tfcace/hash/internal/editor/input.go:280.25,285.16 4 1
github.com/tfcace/hash/internal/editor/input.go:285.16,289.16 3 1
github.com/tfcace/hash/internal/editor/input.go:289.16,292.5 1 0
github.com/tfcace/hash/internal/editor/input.go:293.9,295.4 1 1
github.com/tfcace/hash/internal/editor/input.go:297.3,297.30 1 1
github.com/tfcace/hash/internal/editor/input.go:297.30,298.9 1 0
github.com/tfcace/hash/internal/editor/input.go:300.3,300.17 1 1
github.com/tfcace/hash/internal/editor/input.go:300.17,301.9 1 0
github.com/tfcace/hash/internal/editor/input.go:306.3,306.55 1 1
github.com/tfcace/hash/internal/editor/input.go:306.55,311.71 1 1
github.com/tfcace/hash/internal/editor/input.go:311.71,313.5 1 0
github.com/tfcace/hash/internal/editor/input.go:315.4,317.39 3 1
github.com/tfcace/hash/internal/editor/input.go:320.3,323.40 2 1
github.com/tfcace/hash/internal/editor/input.go:323.40,324.9 1 1
github.com/tfcace/hash/internal/editor/input.go:329.2,329.33 1 1
github.com/tfcace/hash/internal/editor/input.go:329.33,331.3 1 1
github.com/tfcace/hash/internal/editor/input.go:333.2,333.37 1 1
github.com/tfcace/hash/internal/editor/input.go:337.55,342.6 3 1
github.com/tfcace/hash/internal/editor/input.go:342.6,344.17 2 1
github.com/tfcace/hash/internal/editor/input.go:344.17,347.4 1 0
github.com/tfcace/hash/internal/editor/input.go:348.3,348.13 1 1
github.com/tfcace/hash/internal/editor/input.go:348.13,349.12 1 0
github.com/tfcace/hash/internal/editor/input.go:352.3,355.32 2 1
github.com/tfcace/hash/internal/editor/input.go:355.32,359.4 2 1
github.com/tfcace/hash/internal/editor/input.go:364.40,365.16 1 1
github.com/tfcace/hash/internal/editor/input.go:365.16,367.3 1 0
github.com/tfcace/hash/internal/editor/input.go:368.2,368.17 1 1
github.com/tfcace/hash/internal/editor/input.go:368.17,370.3 1 0
github.com/tfcace/hash/internal/editor/input.go:373.2,374.84 2 1
github.com/tfcace/hash/internal/editor/input.go:378.34,381.2 1 1
github.com/tfcace/hash/internal/editor/input.go:384.32,386.16 1 1
github.com/tfcace/hash/internal/editor/input.go:386.16,388.3 1 1
github.com/tfcace/hash/internal/editor/input.go:389.2,390.108 2 1
github.com/tfcace/hash/internal/editor/insert.go:10.34,12.2 1 1
github.com/tfcace/hash/internal/editor/insert.go:15.36,17.2 1 1
github.com/tfcace/hash/internal/editor/insert.go:20.72,22.29 1 1
github.com/tfcace/hash/internal/editor/insert.go:22.29,25.3 2 1
github.com/tfcace/hash/internal/editor/insert.go:28.2,28.55 1 1
github.com/tfcace/hash/internal/editor/insert.go:28.55,31.3 2 1
github.com/tfcace/hash/internal/editor/insert.go:34.2,34.14 1 1
github.com/tfcace/hash/internal/editor/insert.go:34.14,36.3 1 1
github.com/tfcace/hash/internal/editor/insert.go:37.2,37.13 1 1
github.com/tfcace/hash/internal/editor/insert.go:37.13,39.3 1 0
github.com/tfcace/hash/internal/editor/insert.go:42.2,42.64 1 1
github.com/tfcace/hash/internal/editor/insert.go:42.64,44.3 1 1
github.com/tfcace/hash/internal/editor/insert.go:47.2,47.48 1 1
github.com/tfcace/hash/internal/editor/insert.go:47.48,49.22 2 1
github.com/tfcace/hash/internal/editor/insert.go:49.22,51.4 1 1
github.com/tfcace/hash/internal/editor/insert.go:52.3,52.42 1 1
github.com/tfcace/hash/internal/editor/insert.go:55.2,55.21 1 0
github.com/tfcace/hash/internal/editor/insert.go:59.87,60.21 1 1
github.com/tfcace/hash/internal/editor/insert.go:61.17,62.78 1 1
github.com/tfcace/hash/internal/editor/insert.go:63.16,64.40 1 1
github.com/tfcace/hash/internal/editor/insert.go:65.14,66.42 1 1
github.com/tfcace/hash/internal/editor/insert.go:67.20,69.48 2 1
github.com/tfcace/hash/internal/editor/insert.go:70.17,72.48 2 0
github.com/tfcace/hash/internal/editor/insert.go:73.15,75.28 2 1
github.com/tfcace/hash/internal/editor/insert.go:76.16,78.28 2 0
github.com/tfcace/hash/internal/editor/insert.go:79.13,80.32 1 1
github.com/tfcace/hash/internal/editor/insert.go:80.32,82.4 1 1
github.com/tfcace/hash/internal/editor/insert.go:83.3,84.28 2 0
github.com/tfcace/hash/internal/editor/insert.go:85.15,86.57 1 0
github.com/tfcace/hash/internal/editor/insert.go:86.57,88.4 1 0
github.com/tfcace/hash/internal/editor/insert.go:89.3,90.28 2 0
github.com/tfcace/hash/internal/editor/insert.go:91.15,93.28 2 0
github.com/tfcace/hash/internal/editor/insert.go:94.14,96.28 2 0
github.com/tfcace/hash/internal/editor/insert.go:98.2,98.28 1 1
github.com/tfcace/hash/internal/editor/insert.go:101.73,102.18 1 1
github.com/tfcace/hash/internal/editor/insert.go:103.11,104.27 1 1
github.com/tfcace/hash/internal/editor/insert.go:105.11,106.70 1 1
github.com/tfcace/hash/internal/editor/insert.go:107.11,108.20 1 0
github.com/tfcace/hash/internal/editor/insert.go:109.11,110.21 1 0
github.com/tfcace/hash/internal/editor/insert.go:111.11,112.41 1 1
github.com/tfcace/hash/internal/editor/insert.go:113.11,115.42 2 1
github.com/tfcace/hash/internal/editor/insert.go:116.11,118.42 2 1
github.com/tfcace/hash/internal/editor/insert.go:119.11,121.42 2 0
github.com/tfcace/hash/internal/editor/insert.go:122.11,123.41 1 0
github.com/tfcace/hash/internal/editor/insert.go:125.2,125.21 1 1
github.com/tfcace/hash/internal/editor/insert.go:128.72,129.21 1 0
github.com/tfcace/hash/internal/editor/insert.go:130.15,131.24 1 0
github.com/tfcace/hash/internal/editor/insert.go:132.16,133.27 1 0
github.com/tfcace/hash/internal/editor/insert.go:135.2,135.18 1 0
github.com/tfcace/hash/internal/editor/insert.go:136.11,137.24 1 0
github.com/tfcace/hash/internal/editor/insert.go:138.11,139.27 1 0
github.com/tfcace/hash/internal/editor/insert.go:141.2,141.21 1 0
github.com/tfcace/hash/internal/editor/insert.go:144.61,147.15 3 1
github.com/tfcace/hash/internal/editor/insert.go:147.15,150.3 2 0
github.com/tfcace/hash/internal/editor/insert.go:150.8,152.3 1 1
github.com/tfcace/hash/internal/editor/insert.go:155.53,157.13 2 1
github.com/tfcace/hash/internal/editor/insert.go:157.13,160.3 2 1
github.com/tfcace/hash/internal/editor/insert.go:160.8,160.20 1 0
github.com/tfcace/hash/internal/editor/insert.go:160.20,166.3 4 0
github.com/tfcace/hash/internal/editor/insert.go:169.56,172.19 3 0
github.com/tfcace/hash/internal/editor/insert.go:172.19,174.3 1 0
github.com/tfcace/hash/internal/editor/insert.go:174.8,174.45 1 0
github.com/tfcace/hash/internal/editor/insert.go:174.45,177.3 1 0
github.com/tfcace/hash/internal/editor/insert.go:180.51,181.30 1 1
github.com/tfcace/hash/internal/editor/insert.go:181.30,183.3 1 1
github.com/tfcace/hash/internal/editor/insert.go:183.8,183.37 1 0
github.com/tfcace/hash/internal/editor/insert.go:183.37,186.3 2 0
github.com/tfcace/hash/internal/editor/insert.go:189.52,191.36 2 0
github.com/tfcace/hash/internal/editor/insert.go:191.36,193.3 1 0
github.com/tfcace/hash/internal/editor/insert.go:193.8,193.62 1 0
github.com/tfcace/hash/internal/editor/insert.go:193.62,196.3 2 0
github.com/tfcace/hash/internal/editor/insert.go:199.49,200.30 1 0
github.com/tfcace/hash/internal/editor/insert.go:200.30,203.37 3 0
github.com/tfcace/hash/internal/editor/insert.go:203.37,205.4 1 0
github.com/tfcace/hash/internal/editor/insert.go:209.51,210.55 1 0
github.com/tfcace/hash/internal/editor/insert.go:210.55,213.37 3 0
github.com/tfcace/hash/internal/editor/insert.go:213.37,215.4 1 0
github.com/tfcace/hash/internal/editor/insert.go:219.55,224.57 3 1
github.com/tfcace/hash/internal/editor/insert.go:224.57,226.3 1 0
github.com/tfcace/hash/internal/editor/insert.go:228.2,228.56 1 1
github.com/tfcace/hash/internal/editor/insert.go:228.56,230.3 1 1
github.com/tfcace/hash/internal/editor/insert.go:231.2,231.28 1 1
github.com/tfcace/hash/internal/editor/insert.go:234.58,239.42 3 0
github.com/tfcace/hash/internal/editor/insert.go:239.42,241.3 1 0
github.com/tfcace/hash/internal/editor/insert.go:243.2,243.42 1 0
github.com/tfcace/hash/internal/editor/insert.go:243.42,245.3 1 0
github.com/tfcace/hash/internal/editor/insert.go:246.2,246.28 1 0
github.com/tfcace/hash/internal/editor/insert.go:249.57,255.2 5 1
github.com/tfcace/hash/internal/editor/insert.go:257.60,262.2 4 1
github.com/tfcace/hash/internal/editor/insert.go:264.58,269.2 4 0
github.com/tfcace/hash/internal/editor/insert.go:273.72,282.23 5 1
github.com/tfcace/hash/internal/editor/insert.go:282.23,287.3 3 1
github.com/tfcace/hash/internal/editor/insert.go:287.8,292.3 3 1
github.com/tfcace/hash/internal/editor/insert.go:297.74,298.16 1 1
github.com/tfcace/hash/internal/editor/insert.go:298.16,300.3 1 0
github.com/tfcace/hash/internal/editor/insert.go:303.2,310.30 4 1
github.com/tfcace/hash/internal/editor/insert.go:310.30,311.16 1 1
github.com/tfcace/hash/internal/editor/insert.go:311.16,314.4 2 1
github.com/tfcace/hash/internal/editor/insert.go:314.9,316.4 1 1
github.com/tfcace/hash/internal/editor/insert.go:318.2,319.28 2 1
github.com/tfcace/hash/internal/editor/insert.go:323.39,326.91 2 1
github.com/tfcace/hash/internal/editor/insert.go:326.91,328.3 1 1
github.com/tfcace/hash/internal/editor/insert.go:329.2,329.57 1 1
github.com/tfcace/hash/internal/editor/insert.go:334.47,336.21 2 1
github.com/tfcace/hash/internal/editor/insert.go:336.21,338.3 1 1
github.com/tfcace/hash/internal/editor/insert.go:340.2,341.29 2 1
github.com/tfcace/hash/internal/editor/insert.go:341.29,342.12 1 1
github.com/tfcace/hash/internal/editor/insert.go:342.12,344.4 1 1
github.com/tfcace/hash/internal/editor/insert.go:345.3,348.51 2 1
github.com/tfcace/hash/internal/editor/insert.go:348.51,350.4 1 1
github.com/tfcace/hash/internal/editor/insert.go:352.2,352.23 1 1
github.com/tfcace/hash/internal/editor/insert.go:356.39,359.33 3 1
github.com/tfcace/hash/internal/editor/insert.go:359.33,360.18 1 1
github.com/tfcace/hash/internal/editor/insert.go:361.13,363.25 2 1
github.com/tfcace/hash/internal/editor/insert.go:364.13,366.44 1 1
github.com/tfcace/hash/internal/editor/insert.go:366.44,367.13 1 1
github.com/tfcace/hash/internal/editor/insert.go:370.4,371.25 2 1
github.com/tfcace/hash/internal/editor/insert.go:372.11,373.38 1 1
github.com/tfcace/hash/internal/editor/insert.go:376.2,377.14 2 1
github.com/tfcace/hash/internal/editor/key.go:36.29,37.17 1 1
github.com/tfcace/hash/internal/editor/key.go:37.17,39.3 1 0
github.com/tfcace/hash/internal/editor/key.go:42.2,42.17 1 1
github.com/tfcace/hash/internal/editor/key.go:42.17,46.13 2 1
github.com/tfcace/hash/internal/editor/key.go:46.13,47.13 1 1
github.com/tfcace/hash/internal/editor/key.go:48.20,49.34 1 1
github.com/tfcace/hash/internal/editor/key.go:50.14,51.32 1 1
github.com/tfcace/hash/internal/editor/key.go:52.14,53.35 1 1
github.com/tfcace/hash/internal/editor/key.go:54.12,56.26 1 1
github.com/tfcace/hash/internal/editor/key.go:56.26,58.6 1 1
github.com/tfcace/hash/internal/editor/key.go:63.3,63.16 1 1
github.com/tfcace/hash/internal/editor/key.go:63.16,65.4 1 1
github.com/tfcace/hash/internal/editor/key.go:68.3,68.28 1 1
[...]
github.com/tfcace/hash/internal/shell/shell.go:975.11,977.13 2 0
github.com/tfcace/hash/internal/shell/shell.go:979.4,979.18 1 0
github.com/tfcace/hash/internal/shell/shell.go:979.18,981.5 1 0
github.com/tfcace/hash/internal/shell/shell.go:982.29,983.11 1 0
github.com/tfcace/hash/internal/shell/shell.go:983.11,984.22 1 0
github.com/tfcace/hash/internal/shell/shell.go:986.4,986.27 1 0
github.com/tfcace/hash/internal/shell/shell.go:986.27,990.5 2 0
github.com/tfcace/hash/internal/shell/shell.go:991.4,996.35 4 0
github.com/tfcace/hash/internal/shell/shell.go:1001.2,1001.52 1 0
github.com/tfcace/hash/internal/shell/shell.go:1001.52,1003.3 1 0
github.com/tfcace/hash/internal/shell/shell.go:1006.2,1006.22 1 0
github.com/tfcace/hash/internal/shell/shell.go:1006.22,1007.93 1 0
github.com/tfcace/hash/internal/shell/shell.go:1007.93,1009.4 1 0
github.com/tfcace/hash/internal/shell/shell.go:1013.2,1025.44 9 0
github.com/tfcace/hash/internal/shell/shell.go:1025.44,1027.3 1 0
github.com/tfcace/hash/internal/shell/shell.go:1027.8,1029.3 1 0
github.com/tfcace/hash/internal/shell/shell.go:1031.2,1038.89 5 0
github.com/tfcace/hash/internal/shell/shell.go:1038.89,1040.3 1 0
github.com/tfcace/hash/internal/shell/shell.go:1042.2,1042.18 1 0
github.com/tfcace/hash/internal/shell/shell.go:1047.177,1048.16 1 0
github.com/tfcace/hash/internal/shell/shell.go:1049.18,1050.40 1 0
github.com/tfcace/hash/internal/shell/shell.go:1050.40,1052.4 1 0
github.com/tfcace/hash/internal/shell/shell.go:1054.19,1055.40 1 0
github.com/tfcace/hash/internal/shell/shell.go:1055.40,1058.4 2 0
github.com/tfcace/hash/internal/shell/shell.go:1060.3,1060.61 1 0
github.com/tfcace/hash/internal/shell/shell.go:1060.61,1062.4 1 0
github.com/tfcace/hash/internal/shell/shell.go:1062.9,1064.4 1 0
github.com/tfcace/hash/internal/shell/shell.go:1065.21,1068.41 1 0
github.com/tfcace/hash/internal/shell/shell.go:1070.2,1070.14 1 0
github.com/tfcace/hash/internal/shell/shell.go:1074.74,1076.16 2 0
github.com/tfcace/hash/internal/shell/shell.go:1076.16,1079.3 2 0
github.com/tfcace/hash/internal/shell/shell.go:1079.8,1082.3 2 0
github.com/tfcace/hash/internal/shell/shell.go:1083.2,1083.58 1 0
github.com/tfcace/hash/internal/shell/shell.go:1088.156,1094.22 3 0
github.com/tfcace/hash/internal/shell/shell.go:1094.22,1103.3 4 0
github.com/tfcace/hash/internal/shell/shell.go:1106.2,1109.26 4 0
github.com/tfcace/hash/internal/shell/shell.go:1109.26,1112.3 2 0
github.com/tfcace/hash/internal/shell/shell.go:1115.2,1117.13 3 0
github.com/tfcace/hash/internal/shell/shell.go:1121.72,1132.16 8 0
github.com/tfcace/hash/internal/shell/shell.go:1132.16,1137.3 4 0
github.com/tfcace/hash/internal/shell/shell.go:1139.2,1139.35 1 0
github.com/tfcace/hash/internal/shell/shell.go:1139.35,1142.3 2 0
github.com/tfcace/hash/internal/shell/shell.go:1145.2,1146.21 2 0
github.com/tfcace/hash/internal/shell/shell.go:1146.21,1148.17 2 0
github.com/tfcace/hash/internal/shell/shell.go:1148.17,1151.4 2 0
github.com/tfcace/hash/internal/shell/shell.go:1151.9,1154.4 2 0
github.com/tfcace/hash/internal/shell/shell.go:1155.3,1155.61 1 0
github.com/tfcace/hash/internal/shell/shell.go:1157.2,1157.18 1 0
github.com/tfcace/hash/internal/shell/shell.go:1160.32,1162.2 1 0
github.com/tfcace/hash/internal/shell/shell.go:1167.37,1179.18 4 0
github.com/tfcace/hash/internal/shell/shell.go:1179.18,1181.3 1 0
github.com/tfcace/hash/internal/shell/shell.go:1182.2,1182.34 1 0
github.com/tfcace/hash/internal/shell/shell.go:1188.39,1199.59 4 0
github.com/tfcace/hash/internal/shell/shell.go:1199.59,1204.3 3 0
github.com/tfcace/hash/internal/shell/shell.go:1207.33,1210.59 3 0
github.com/tfcace/hash/internal/shell/shell.go:1210.59,1212.3 1 0
github.com/tfcace/hash/internal/shell/shell.go:1213.2,1213.59 1 0
github.com/tfcace/hash/internal/shell/shell.go:1213.59,1215.3 1 0
github.com/tfcace/hash/internal/shell/shell.go:1216.2,1216.21 1 0
github.com/tfcace/hash/internal/shell/shell.go:1220.94,1221.56 1 1
github.com/tfcace/hash/internal/shell/shell.go:1221.56,1226.43 4 0
github.com/tfcace/hash/internal/shell/shell.go:1226.43,1228.4 1 0
github.com/tfcace/hash/internal/shell/shell.go:1230.3,1231.37 2 0
github.com/tfcace/hash/internal/shell/shell.go:1231.37,1236.4 1 0
github.com/tfcace/hash/internal/shell/shell.go:1237.3,1237.15 1 0
github.com/tfcace/hash/internal/shell/shell.go:1241.74,1242.36 1 1
github.com/tfcace/hash/internal/shell/shell.go:1242.36,1244.3 1 0
github.com/tfcace/hash/internal/shell/shell.go:1248.31,1249.22 1 1
github.com/tfcace/hash/internal/shell/shell.go:1249.22,1251.3 1 1
github.com/tfcace/hash/internal/shell/shell.go:1252.2,1252.23 1 1
github.com/tfcace/hash/internal/shell/shell.go:1252.23,1254.3 1 1
github.com/tfcace/hash/internal/shell/shell.go:1255.2,1255.27 1 1
github.com/tfcace/hash/internal/shell/shell.go:1259.82,1260.22 1 0
github.com/tfcace/hash/internal/shell/shell.go:1260.22,1262.3 1 0
github.com/tfcace/hash/internal/shell/shell.go:1265.2,1282.27 5 0
github.com/tfcace/hash/internal/shell/shell.go:1286.31,1289.16 3 0
github.com/tfcace/hash/internal/shell/shell.go:1289.16,1291.3 1 0
github.com/tfcace/hash/internal/shell/shell.go:1292.2,1292.39 1 0
github.com/tfcace/hash/internal/shell/shell.go:1296.26,1297.50 1 1
github.com/tfcace/hash/internal/shell/shell.go:1297.50,1299.3 1 1
github.com/tfcace/hash/internal/shell/shell.go:1300.2,1301.55 2 1
github.com/tfcace/hash/internal/shell/shell.go:1305.42,1307.2 1 0
github.com/tfcace/hash/internal/shell/shell.go:1310.47,1312.2 1 0
github.com/tfcace/hash/internal/shell/shell.go:1314.31,1315.16 1 0
github.com/tfcace/hash/internal/shell/shell.go:1315.16,1317.3 1 0
github.com/tfcace/hash/internal/shell/shell.go:1318.2,1318.20 1 0
github.com/tfcace/hash/internal/shell/startup.go:16.55,27.21 4 1
github.com/tfcace/hash/internal/shell/startup.go:27.21,29.3 1 0
github.com/tfcace/hash/internal/shell/startup.go:32.2,32.18 1 1
github.com/tfcace/hash/internal/shell/startup.go:32.18,33.58 1 1
github.com/tfcace/hash/internal/shell/startup.go:33.58,34.50 1 1
github.com/tfcace/hash/internal/shell/startup.go:34.50,36.28 1 0
github.com/tfcace/hash/internal/shell/startup.go:36.28,38.6 1 0
github.com/tfcace/hash/internal/shell/startup.go:43.3,43.54 1 1
github.com/tfcace/hash/internal/shell/startup.go:43.54,44.56 1 0
github.com/tfcace/hash/internal/shell/startup.go:44.56,46.5 1 0
github.com/tfcace/hash/internal/shell/startup.go:51.2,51.24 1 1
github.com/tfcace/hash/internal/shell/startup.go:51.24,52.64 1 1
github.com/tfcace/hash/internal/shell/startup.go:52.64,53.50 1 1
github.com/tfcace/hash/internal/shell/startup.go:53.50,54.28 1 0
github.com/tfcace/hash/internal/shell/startup.go:54.28,56.6 1 0
github.com/tfcace/hash/internal/shell/startup.go:61.3,61.49 1 1
github.com/tfcace/hash/internal/shell/startup.go:61.49,62.56 1 0
github.com/tfcace/hash/internal/shell/startup.go:62.56,64.5 1 0
github.com/tfcace/hash/internal/shell/startup.go:70.2,70.31 1 1
github.com/tfcace/hash/internal/shell/startup.go:74.68,76.34 1 1
github.com/tfcace/hash/internal/shell/startup.go:76.34,79.3 2 0
github.com/tfcace/hash/internal/shell/startup.go:81.2,87.16 3 1
github.com/tfcace/hash/internal/shell/startup.go:87.16,89.3 1 0
github.com/tfcace/hash/internal/shell/startup.go:90.2,90.18 1 1
github.com/tfcace/hash/internal/shell/startup.go:90.18,92.3 1 0
github.com/tfcace/hash/internal/shell/startup.go:95.2,96.16 2 1
github.com/tfcace/hash/internal/shell/startup.go:96.16,98.3 1 0
github.com/tfcace/hash/internal/shell/startup.go:101.2,106.12 3 1
github.com/tfcace/hash/internal/shell/startup.go:110.78,112.19 2 0
github.com/tfcace/hash/internal/shell/startup.go:112.19,114.3 1 0
github.com/tfcace/hash/internal/shell/startup.go:116.2,117.12 2 0
github.com/tfcace/hash/internal/shell/startup.go:122.61,123.25 1 1
github.com/tfcace/hash/internal/shell/startup.go:123.25,125.3 1 1
github.com/tfcace/hash/internal/shell/startup.go:127.2,128.17 2 1
github.com/tfcace/hash/internal/shell/startup.go:128.17,130.3 1 1
github.com/tfcace/hash/internal/shell/startup.go:133.2,135.21 3 0
github.com/tfcace/hash/internal/shell/startup.go:135.21,137.3 1 0
github.com/tfcace/hash/internal/shell/startup.go:140.2,148.29 4 0
github.com/tfcace/hash/internal/shell/startup.go:148.29,151.17 2 0
github.com/tfcace/hash/internal/shell/startup.go:151.17,153.12 2 0
github.com/tfcace/hash/internal/shell/startup.go:157.3,157.24 1 0
github.com/tfcace/hash/internal/shell/startup.go:157.24,159.18 2 0
github.com/tfcace/hash/internal/shell/startup.go:159.18,161.5 1 0
github.com/tfcace/hash/internal/shell/startup.go:164.3,164.25 1 0
github.com/tfcace/hash/internal/shell/startup.go:164.25,166.4 1 0
github.com/tfcace/hash/internal/shell/startup.go:166.9,173.4 6 0
github.com/tfcace/hash/internal/shell/startup.go:176.2,176.24 1 0
github.com/tfcace/hash/internal/shell/startup.go:176.24,179.3 2 0
github.com/tfcace/hash/internal/shell/startup.go:181.2,190.73 8 0
github.com/tfcace/hash/internal/shell/startup.go:190.73,192.3 1 0
github.com/tfcace/hash/internal/shell/startup.go:195.2,205.15 3 0
github.com/tfcace/hash/internal/shell/startup.go:210.42,211.25 1 1
github.com/tfcace/hash/internal/shell/startup.go:211.25,213.3 1 1
github.com/tfcace/hash/internal/shell/startup.go:215.2,217.28 3 1
github.com/tfcace/hash/internal/shell/startup.go:217.28,219.3 1 1
github.com/tfcace/hash/internal/shell/startup.go:221.2,222.16 2 0
github.com/tfcace/hash/internal/shell/startup.go:222.16,224.3 1 0
github.com/tfcace/hash/internal/shell/startup.go:225.2,225.79 1 0
github.com/tfcace/hash/internal/shell/startup.go:232.59,233.25 1 1
github.com/tfcace/hash/internal/shell/startup.go:233.25,235.3 1 1
github.com/tfcace/hash/internal/shell/startup.go:237.2,239.34 3 1
github.com/tfcace/hash/internal/shell/startup.go:239.34,241.3 1 1
github.com/tfcace/hash/internal/shell/startup.go:243.2,249.41 2 0
github.com/tfcace/hash/internal/shell/startup.go:249.41,250.50 1 0
github.com/tfcace/hash/internal/shell/startup.go:250.50,251.12 1 0
github.com/tfcace/hash/internal/shell/startup.go:255.3,256.17 2 0
github.com/tfcace/hash/internal/shell/startup.go:256.17,258.12 2 0
github.com/tfcace/hash/internal/shell/startup.go:261.3,267.24 2 0
github.com/tfcace/hash/internal/shell/startup.go:267.24,269.18 2 0
github.com/tfcace/hash/internal/shell/startup.go:269.18,275.5 2 0
github.com/tfcace/hash/internal/shell/startup.go:279.2,279.72 1 0
github.com/tfcace/hash/internal/shell/status.go:43.40,49.16 3 1
github.com/tfcace/hash/internal/shell/status.go:49.16,51.3 1 1
github.com/tfcace/hash/internal/shell/status.go:51.8,53.3 1 0
github.com/tfcace/hash/internal/shell/status.go:56.2,56.17 1 1
github.com/tfcace/hash/internal/shell/status.go:56.17,59.3 1 1
github.com/tfcace/hash/internal/shell/status.go:59.8,61.3 1 0
github.com/tfcace/hash/internal/shell/status.go:64.2,64.18 1 1
github.com/tfcace/hash/internal/shell/status.go:64.18,66.3 1 1
github.com/tfcace/hash/internal/shell/status.go:66.8,68.3 1 0
github.com/tfcace/hash/internal/shell/status.go:71.2,71.15 1 1
github.com/tfcace/hash/internal/shell/status.go:71.15,73.3 1 0
github.com/tfcace/hash/internal/shell/status.go:73.8,75.3 1 1
github.com/tfcace/hash/internal/shell/status.go:78.2,78.13 1 1
github.com/tfcace/hash/internal/shell/status.go:78.13,80.3 1 1
github.com/tfcace/hash/internal/shell/status.go:80.8,82.3 1 0
github.com/tfcace/hash/internal/shell/status.go:85.2,85.19 1 1
github.com/tfcace/hash/internal/shell/status.go:85.19,87.3 1 1
github.com/tfcace/hash/internal/shell/status.go:87.8,89.3 1 0
github.com/tfcace/hash/internal/shell/status.go:91.2,91.19 1 1
github.com/tfcace/hash/internal/shell/status.go:94.35,95.14 1 1
github.com/tfcace/hash/internal/shell/status.go:95.14,97.3 1 0
github.com/tfcace/hash/internal/shell/status.go:98.2,98.17 1 1
github.com/tfcace/hash/internal/shell/status.go:98.17,100.3 1 1
github.com/tfcace/hash/internal/shell/status.go:101.2,101.73 1 0
github.com/tfcace/hash/internal/shell/stderr_capture.go:18.58,20.2 1 0
github.com/tfcace/hash/internal/shell/stderr_capture.go:22.60,25.36 2 0
github.com/tfcace/hash/internal/shell/stderr_capture.go:25.36,27.25 2 0
github.com/tfcace/hash/internal/shell/stderr_capture.go:27.25,29.4 1 0
github.com/tfcace/hash/internal/shell/stderr_capture.go:29.9,31.4 1 0
github.com/tfcace/hash/internal/shell/stderr_capture.go:33.2,35.28 2 0
github.com/tfcace/hash/internal/shell/stderr_capture.go:38.41,42.2 3 0
github.com/tfcace/hash/internal/shell/welcome.go:19.44,24.2 1 1
github.com/tfcace/hash/internal/shell/welcome.go:27.37,30.2 2 1
github.com/tfcace/hash/internal/shell/welcome.go:33.37,34.56 1 1
github.com/tfcace/hash/internal/shell/welcome.go:34.56,36.3 1 0
github.com/tfcace/hash/internal/shell/welcome.go:37.2,37.52 1 1
github.com/tfcace/hash/internal/shell/welcome.go:41.36,56.2 12 1
github.com/tfcace/hash/internal/version/version.go:10.22,14.45 3 0
github.com/tfcace/hash/internal/version/version.go:14.45,16.3 1 0
github.com/tfcace/hash/internal/version/version.go:17.2,17.47 1 0
github.com/tfcace/hash/internal/version/version.go:17.47,19.3 1 0
github.com/tfcace/hash/internal/version/version.go:21.2,21.69 1 0
github.com/tfcace/hash/internal/version/version.go:21.69,23.23 2 0
github.com/tfcace/hash/internal/version/version.go:23.23,25.4 1 0
github.com/tfcace/hash/internal/version/version.go:26.3,26.48 1 0
github.com/tfcace/hash/internal/version/version.go:26.48,27.24 1 0
github.com/tfcace/hash/internal/version/version.go:27.24,29.5 1 0
github.com/tfcace/hash/internal/version/version.go:30.4,30.18 1 0
github.com/tfcace/hash/internal/version/version.go:32.3,32.11 1 0
github.com/tfcace/hash/internal/version/version.go:35.2,35.10 1 0
github.com/tfcace/hash/internal/version/version.go:38.52,39.20 1 0
github.com/tfcace/hash/internal/version/version.go:39.20,41.3 1 0
github.com/tfcace/hash/internal/version/version.go:42.2,43.33 2 0
github.com/tfcace/hash/internal/version/version.go:43.33,45.3 1 0
github.com/tfcace/hash/internal/version/version.go:46.2,46.15 1 0
github.com/tfcace/hash/cmd/hash/main.go:19.13,24.27 3 0
github.com/tfcace/hash/cmd/hash/main.go:24.27,25.23 1 0
github.com/tfcace/hash/cmd/hash/main.go:25.23,27.4 1 0
github.com/tfcace/hash/cmd/hash/main.go:31.2,34.33 3 0
github.com/tfcace/hash/cmd/hash/main.go:34.33,35.18 1 0
github.com/tfcace/hash/cmd/hash/main.go:36.24,37.21 1 0
github.com/tfcace/hash/cmd/hash/main.go:38.13,40.24 2 0
github.com/tfcace/hash/cmd/hash/main.go:40.24,43.5 2 0
github.com/tfcace/hash/cmd/hash/main.go:44.4,46.7 3 0
github.com/tfcace/hash/cmd/hash/main.go:47.26,49.14 2 0
github.com/tfcace/hash/cmd/hash/main.go:50.23,52.14 2 0
github.com/tfcace/hash/cmd/hash/main.go:57.2,57.18 1 0
github.com/tfcace/hash/cmd/hash/main.go:57.18,59.3 1 0
github.com/tfcace/hash/cmd/hash/main.go:59.8,61.3 1 0
github.com/tfcace/hash/cmd/hash/main.go:64.2,64.16 1 0
github.com/tfcace/hash/cmd/hash/main.go:64.16,66.3 1 0
github.com/tfcace/hash/cmd/hash/main.go:67.2,67.22 1 0
github.com/tfcace/hash/cmd/hash/main.go:67.22,69.3 1 0
github.com/tfcace/hash/cmd/hash/main.go:72.2,72.18 1 0
github.com/tfcace/hash/cmd/hash/main.go:72.18,75.50 2 0
github.com/tfcace/hash/cmd/hash/main.go:75.50,77.4 1 0
github.com/tfcace/hash/cmd/hash/main.go:78.3,78.53 1 0
github.com/tfcace/hash/cmd/hash/main.go:81.2,81.34 1 0
github.com/tfcace/hash/cmd/hash/main.go:81.34,84.3 2 0
github.com/tfcace/hash/cmd/hash/main.go:87.18,105.2 1 0
github.com/tfcace/hash/cmd/hash/main.go:107.21,109.2 1 0
github.com/tfcace/hash/cmd/hash/main.go:112.78,116.29 2 0
github.com/tfcace/hash/cmd/hash/main.go:116.29,118.3 1 0
github.com/tfcace/hash/cmd/hash/main.go:120.2,121.16 2 0
github.com/tfcace/hash/cmd/hash/main.go:121.16,124.3 2 0
github.com/tfcace/hash/cmd/hash/main.go:125.2,125.24 1 0
github.com/tfcace/hash/cmd/hash/main.go:128.32,130.37 1 0
github.com/tfcace/hash/cmd/hash/main.go:130.37,132.3 1 0
github.com/tfcace/hash/cmd/hash/main.go:133.2,138.16 4 0
github.com/tfcace/hash/cmd/hash/main.go:138.16,140.3 1 0
github.com/tfcace/hash/cmd/hash/main.go:143.2,147.16 2 0
github.com/tfcace/hash/cmd/hash/main.go:147.16,149.3 1 0
github.com/tfcace/hash/cmd/hash/main.go:154.2,159.12 5 0
github.com/tfcace/hash/cmd/hash/main.go:159.12,162.3 2 0
github.com/tfcace/hash/cmd/hash/main.go:165.2,165.20 1 0
github.com/tfcace/hash/cmd/hash/main.go:168.28,169.52 1 0
github.com/tfcace/hash/cmd/hash/main.go:169.52,171.3 1 0
github.com/tfcace/hash/cmd/hash/main.go:173.2,173.52 1 0
github.com/tfcace/hash/cmd/hash/main.go:173.52,175.3 1 0
github.com/tfcace/hash/cmd/hash/main.go:177.2,178.47 2 0
github.com/tfcace/hash/cmd/hash/migrate.go:15.25,31.2 1 0
github.com/tfcace/hash/cmd/hash/migrate.go:33.36,34.20 1 0
github.com/tfcace/hash/cmd/hash/migrate.go:34.20,37.3 1 0
github.com/tfcace/hash/cmd/hash/migrate.go:39.2,39.17 1 0
github.com/tfcace/hash/cmd/hash/migrate.go:40.16,41.80 1 0
github.com/tfcace/hash/cmd/hash/migrate.go:41.80,44.4 2 0
github.com/tfcace/hash/cmd/hash/migrate.go:45.3,45.11 1 0
github.com/tfcace/hash/cmd/hash/migrate.go:46.18,47.38 1 0
github.com/tfcace/hash/cmd/hash/migrate.go:48.16,49.20 1 0
github.com/tfcace/hash/cmd/hash/migrate.go:49.20,52.4 2 0
github.com/tfcace/hash/cmd/hash/migrate.go:53.3,53.43 1 0
github.com/tfcace/hash/cmd/hash/migrate.go:54.22,56.11 2 0
github.com/tfcace/hash/cmd/hash/migrate.go:57.10,60.11 3 0
github.com/tfcace/hash/cmd/hash/migrate.go:64.60,66.16 2 1
github.com/tfcace/hash/cmd/hash/migrate.go:66.16,68.3 1 1
github.com/tfcace/hash/cmd/hash/migrate.go:70.2,78.12 8 0
github.com/tfcace/hash/cmd/hash/migrate.go:81.34,83.28 2 0
github.com/tfcace/hash/cmd/hash/migrate.go:83.28,87.3 3 0
github.com/tfcace/hash/cmd/hash/migrate.go:89.2,90.21 2 0
github.com/tfcace/hash/cmd/hash/migrate.go:90.21,93.3 2 0
github.com/tfcace/hash/cmd/hash/migrate.go:95.2,99.6 3 0
github.com/tfcace/hash/cmd/hash/migrate.go:99.6,102.17 3 0
github.com/tfcace/hash/cmd/hash/migrate.go:102.17,105.4 2 0
github.com/tfcace/hash/cmd/hash/migrate.go:107.3,109.16 2 0
github.com/tfcace/hash/cmd/hash/migrate.go:110.23,112.39 1 0
github.com/tfcace/hash/cmd/hash/migrate.go:114.18,124.12 4 0
github.com/tfcace/hash/cmd/hash/migrate.go:126.12,139.39 1 0
github.com/tfcace/hash/cmd/hash/migrate.go:141.11,142.42 1 0
github.com/tfcace/hash/cmd/hash/migrate.go:147.57,153.29 4 0
github.com/tfcace/hash/cmd/hash/migrate.go:153.29,155.17 2 0
github.com/tfcace/hash/cmd/hash/migrate.go:155.17,157.12 2 0
github.com/tfcace/hash/cmd/hash/migrate.go:159.3,159.25 1 0
github.com/tfcace/hash/cmd/hash/migrate.go:159.25,161.4 1 0
github.com/tfcace/hash/cmd/hash/migrate.go:161.9,169.4 6 0
github.com/tfcace/hash/cmd/hash/migrate.go:172.2,172.24 1 0
github.com/tfcace/hash/cmd/hash/migrate.go:172.24,175.3 2 0
github.com/tfcace/hash/cmd/hash/migrate.go:177.2,186.73 8 0
github.com/tfcace/hash/cmd/hash/migrate.go:186.73,188.3 1 0
github.com/tfcace/hash/cmd/hash/migrate.go:188.8,190.3 1 0
github.com/tfcace/hash/cmd/hash/migrate.go:193.2,201.62 2 0
github.com/tfcace/hash/cmd/hash/migrate.go:201.62,203.3 1 0
github.com/tfcace/hash/cmd/hash/migrate.go:205.2,205.10 1 0
github.com/tfcace/hash/cmd/hash/migrate.go:208.54,212.15 3 0
github.com/tfcace/hash/cmd/hash/migrate.go:213.13,214.28 1 0
github.com/tfcace/hash/cmd/hash/migrate.go:215.14,216.29 1 0
github.com/tfcace/hash/cmd/hash/migrate.go:217.10,219.11 2 0
github.com/tfcace/hash/cmd/hash/migrate.go:222.2,222.51 1 0
github.com/tfcace/hash/cmd/hash/migrate.go:222.51,225.3 2 0
github.com/tfcace/hash/cmd/hash/migrate.go:227.2,228.16 2 0
github.com/tfcace/hash/cmd/hash/migrate.go:228.16,231.3 2 0
github.com/tfcace/hash/cmd/hash/migrate.go:233.2,244.62 3 0
github.com/tfcace/hash/cmd/hash/migrate.go:244.62,246.3 1 0
github.com/tfcace/hash/cmd/hash/migrate.go:248.2,248.10 1 0
github.com/tfcace/hash/cmd/hash/migrate.go:251.44,255.2 2 0
github.com/tfcace/hash/cmd/hash/mode.go:17.42,21.19 2 0
github.com/tfcace/hash/cmd/hash/mode.go:21.19,23.35 2 0
github.com/tfcace/hash/cmd/hash/mode.go:23.35,25.4 1 0
github.com/tfcace/hash/cmd/hash/mode.go:28.2,28.13 1 0
github.com/tfcace/hash/cmd/hash/mode.go:32.27,40.2 5 0
